{"/home/travis/build/npmtest/node-npmtest-mochify/test.js":{"path":"/home/travis/build/npmtest/node-npmtest-mochify/test.js","s":{"1":2,"2":2,"3":2,"4":2,"5":2,"6":2,"7":2,"8":1,"9":2,"10":2,"11":1,"12":1,"13":1,"14":1,"15":2,"16":2,"17":2,"18":2,"19":1,"20":1,"21":2,"22":2,"23":2,"24":1,"25":1,"26":1,"27":1,"28":1,"29":1,"30":1,"31":1,"32":1,"33":1,"34":1,"35":1,"36":1,"37":2,"38":2,"39":1,"40":2,"41":2,"42":1,"43":2,"44":2,"45":1,"46":2,"47":2,"48":1,"49":1,"50":1,"51":1,"52":1},"b":{"1":[2,1,1,1],"2":[1,1,1,1],"3":[1,1],"4":[1,1],"5":[1,1],"6":[1,1],"7":[1,1],"8":[1,1],"9":[1,1,1],"10":[1,1],"11":[1,1],"12":[1,1],"13":[1,1],"14":[1,1],"15":[1,1],"16":[1,1]},"f":{"1":2,"2":2,"3":2,"4":2,"5":2,"6":1,"7":1,"8":2,"9":2,"10":2,"11":2,"12":1},"fnMap":{"1":{"name":"(anonymous_1)","line":12,"loc":{"start":{"line":12,"column":1},"end":{"line":12,"column":13}}},"2":{"name":"(anonymous_2)","line":19,"loc":{"start":{"line":19,"column":5},"end":{"line":19,"column":17}}},"3":{"name":"(anonymous_3)","line":23,"loc":{"start":{"line":23,"column":24},"end":{"line":23,"column":36}}},"4":{"name":"(anonymous_4)","line":61,"loc":{"start":{"line":61,"column":5},"end":{"line":61,"column":17}}},"5":{"name":"(anonymous_5)","line":82,"loc":{"start":{"line":82,"column":5},"end":{"line":82,"column":17}}},"6":{"name":"(anonymous_6)","line":102,"loc":{"start":{"line":102,"column":83},"end":{"line":105,"column":10}},"skip":true},"7":{"name":"(anonymous_7)","line":113,"loc":{"start":{"line":113,"column":77},"end":{"line":116,"column":10}},"skip":true},"8":{"name":"(anonymous_8)","line":129,"loc":{"start":{"line":129,"column":12},"end":{"line":129,"column":40}},"skip":true},"9":{"name":"(anonymous_9)","line":137,"loc":{"start":{"line":137,"column":77},"end":{"line":140,"column":10}},"skip":true},"10":{"name":"(anonymous_10)","line":148,"loc":{"start":{"line":148,"column":83},"end":{"line":151,"column":10}},"skip":true},"11":{"name":"(anonymous_11)","line":159,"loc":{"start":{"line":159,"column":79},"end":{"line":162,"column":10}},"skip":true},"12":{"name":"(anonymous_12)","line":170,"loc":{"start":{"line":170,"column":75},"end":{"line":173,"column":10}},"skip":true}},"statementMap":{"1":{"start":{"line":12,"column":0},"end":{"line":185,"column":5}},"2":{"start":{"line":14,"column":4},"end":{"line":14,"column":14}},"3":{"start":{"line":19,"column":4},"end":{"line":56,"column":9}},"4":{"start":{"line":21,"column":8},"end":{"line":21,"column":19}},"5":{"start":{"line":23,"column":8},"end":{"line":35,"column":13}},"6":{"start":{"line":24,"column":12},"end":{"line":34,"column":13}},"7":{"start":{"line":25,"column":16},"end":{"line":28,"column":30}},"8":{"start":{"line":30,"column":16},"end":{"line":33,"column":27}},"9":{"start":{"line":37,"column":8},"end":{"line":39,"column":21}},"10":{"start":{"line":40,"column":8},"end":{"line":53,"column":9}},"11":{"start":{"line":43,"column":12},"end":{"line":46,"column":14}},"12":{"start":{"line":47,"column":12},"end":{"line":47,"column":18}},"13":{"start":{"line":50,"column":12},"end":{"line":51,"column":46}},"14":{"start":{"line":52,"column":12},"end":{"line":52,"column":18}},"15":{"start":{"line":55,"column":8},"end":{"line":55,"column":35}},"16":{"start":{"line":61,"column":4},"end":{"line":63,"column":9}},"17":{"start":{"line":62,"column":8},"end":{"line":62,"column":15}},"18":{"start":{"line":64,"column":4},"end":{"line":77,"column":5}},"19":{"start":{"line":70,"column":8},"end":{"line":70,"column":14}},"20":{"start":{"line":76,"column":8},"end":{"line":76,"column":14}},"21":{"start":{"line":82,"column":4},"end":{"line":84,"column":9}},"22":{"start":{"line":83,"column":8},"end":{"line":83,"column":15}},"23":{"start":{"line":85,"column":4},"end":{"line":184,"column":5}},"24":{"start":{"line":92,"column":8},"end":{"line":94,"column":63}},"25":{"start":{"line":95,"column":8},"end":{"line":95,"column":14}},"26":{"start":{"line":102,"column":8},"end":{"line":111,"column":10},"skip":true},"27":{"start":{"line":109,"column":12},"end":{"line":109,"column":55},"skip":true},"28":{"start":{"line":110,"column":12},"end":{"line":110,"column":48},"skip":true},"29":{"start":{"line":113,"column":8},"end":{"line":126,"column":10},"skip":true},"30":{"start":{"line":120,"column":12},"end":{"line":120,"column":76},"skip":true},"31":{"start":{"line":121,"column":12},"end":{"line":121,"column":73},"skip":true},"32":{"start":{"line":122,"column":12},"end":{"line":122,"column":74},"skip":true},"33":{"start":{"line":123,"column":12},"end":{"line":123,"column":79},"skip":true},"34":{"start":{"line":124,"column":12},"end":{"line":124,"column":25},"skip":true},"35":{"start":{"line":125,"column":12},"end":{"line":125,"column":45},"skip":true},"36":{"start":{"line":128,"column":8},"end":{"line":135,"column":14},"skip":true},"37":{"start":{"line":133,"column":16},"end":{"line":133,"column":29},"skip":true},"38":{"start":{"line":134,"column":16},"end":{"line":134,"column":55},"skip":true},"39":{"start":{"line":137,"column":8},"end":{"line":146,"column":10},"skip":true},"40":{"start":{"line":144,"column":12},"end":{"line":144,"column":25},"skip":true},"41":{"start":{"line":145,"column":12},"end":{"line":145,"column":45},"skip":true},"42":{"start":{"line":148,"column":8},"end":{"line":157,"column":10},"skip":true},"43":{"start":{"line":155,"column":12},"end":{"line":155,"column":25},"skip":true},"44":{"start":{"line":156,"column":12},"end":{"line":156,"column":48},"skip":true},"45":{"start":{"line":159,"column":8},"end":{"line":168,"column":10},"skip":true},"46":{"start":{"line":166,"column":12},"end":{"line":166,"column":25},"skip":true},"47":{"start":{"line":167,"column":12},"end":{"line":167,"column":46},"skip":true},"48":{"start":{"line":170,"column":8},"end":{"line":179,"column":10},"skip":true},"49":{"start":{"line":177,"column":12},"end":{"line":177,"column":94},"skip":true},"50":{"start":{"line":178,"column":12},"end":{"line":178,"column":48},"skip":true},"51":{"start":{"line":182,"column":8},"end":{"line":182,"column":35},"skip":true},"52":{"start":{"line":183,"column":8},"end":{"line":183,"column":14},"skip":true}},"branchMap":{"1":{"line":25,"type":"binary-expr","locations":[{"start":{"line":25,"column":23},"end":{"line":25,"column":62}},{"start":{"line":26,"column":20},"end":{"line":26,"column":70}},{"start":{"line":27,"column":20},"end":{"line":27,"column":71}},{"start":{"line":28,"column":20},"end":{"line":28,"column":29}}]},"2":{"line":30,"type":"binary-expr","locations":[{"start":{"line":30,"column":23},"end":{"line":30,"column":37}},{"start":{"line":31,"column":20},"end":{"line":31,"column":61}},{"start":{"line":32,"column":20},"end":{"line":32,"column":70}},{"start":{"line":33,"column":20},"end":{"line":33,"column":26}}]},"3":{"line":37,"type":"cond-expr","locations":[{"start":{"line":38,"column":14},"end":{"line":38,"column":20}},{"start":{"line":39,"column":14},"end":{"line":39,"column":20}}]},"4":{"line":40,"type":"switch","locations":[{"start":{"line":42,"column":8},"end":{"line":47,"column":18}},{"start":{"line":49,"column":8},"end":{"line":52,"column":18}}]},"5":{"line":44,"type":"binary-expr","locations":[{"start":{"line":44,"column":16},"end":{"line":44,"column":44}},{"start":{"line":44,"column":48},"end":{"line":44,"column":66}}]},"6":{"line":50,"type":"binary-expr","locations":[{"start":{"line":50,"column":21},"end":{"line":50,"column":49}},{"start":{"line":50,"column":53},"end":{"line":50,"column":72}}]},"7":{"line":64,"type":"switch","locations":[{"start":{"line":69,"column":4},"end":{"line":70,"column":14}},{"start":{"line":75,"column":4},"end":{"line":76,"column":14}}]},"8":{"line":85,"type":"switch","locations":[{"start":{"line":90,"column":4},"end":{"line":95,"column":14}},{"start":{"line":101,"column":4},"end":{"line":183,"column":14},"skip":true}]},"9":{"line":92,"type":"binary-expr","locations":[{"start":{"line":92,"column":18},"end":{"line":92,"column":32}},{"start":{"line":93,"column":12},"end":{"line":93,"column":53}},{"start":{"line":94,"column":12},"end":{"line":94,"column":61}}]},"10":{"line":102,"type":"binary-expr","locations":[{"start":{"line":102,"column":45},"end":{"line":102,"column":79},"skip":true},{"start":{"line":102,"column":83},"end":{"line":111,"column":9},"skip":true}]},"11":{"line":113,"type":"binary-expr","locations":[{"start":{"line":113,"column":42},"end":{"line":113,"column":73},"skip":true},{"start":{"line":113,"column":77},"end":{"line":126,"column":9},"skip":true}]},"12":{"line":128,"type":"binary-expr","locations":[{"start":{"line":128,"column":48},"end":{"line":128,"column":85},"skip":true},{"start":{"line":129,"column":12},"end":{"line":135,"column":13},"skip":true}]},"13":{"line":137,"type":"binary-expr","locations":[{"start":{"line":137,"column":42},"end":{"line":137,"column":73},"skip":true},{"start":{"line":137,"column":77},"end":{"line":146,"column":9},"skip":true}]},"14":{"line":148,"type":"binary-expr","locations":[{"start":{"line":148,"column":45},"end":{"line":148,"column":79},"skip":true},{"start":{"line":148,"column":83},"end":{"line":157,"column":9},"skip":true}]},"15":{"line":159,"type":"binary-expr","locations":[{"start":{"line":159,"column":43},"end":{"line":159,"column":75},"skip":true},{"start":{"line":159,"column":79},"end":{"line":168,"column":9},"skip":true}]},"16":{"line":170,"type":"binary-expr","locations":[{"start":{"line":170,"column":41},"end":{"line":170,"column":71},"skip":true},{"start":{"line":170,"column":75},"end":{"line":179,"column":9},"skip":true}]}},"code":["/* istanbul instrument in package npmtest_mochify */","/*jslint","    bitwise: true,","    browser: true,","    maxerr: 8,","    maxlen: 96,","    node: true,","    nomen: true,","    regexp: true,","    stupid: true","*/","(function () {","    'use strict';","    var local;","","","","    // run shared js-env code - pre-init","    (function () {","        // init local","        local = {};","        // init modeJs","        local.modeJs = (function () {","            try {","                return typeof navigator.userAgent === 'string' &&","                    typeof document.querySelector('body') === 'object' &&","                    typeof XMLHttpRequest.prototype.open === 'function' &&","                    'browser';","            } catch (errorCaughtBrowser) {","                return module.exports &&","                    typeof process.versions.node === 'string' &&","                    typeof require('http').createServer === 'function' &&","                    'node';","            }","        }());","        // init global","        local.global = local.modeJs === 'browser'","            ? window","            : global;","        switch (local.modeJs) {","        // re-init local from window.local","        case 'browser':","            local = local.global.utility2.objectSetDefault(","                local.global.utility2_rollup || local.global.local,","                local.global.utility2","            );","            break;","        // re-init local from example.js","        case 'node':","            local = (local.global.utility2_rollup || require('utility2'))","                .requireExampleJsFromReadme();","            break;","        }","        // export local","        local.global.local = local;","    }());","","","","    // run shared js-env code - function","    (function () {","        return;","    }());","    switch (local.modeJs) {","","","","    // run browser js-env code - function","    case 'browser':","        break;","","","","    // run node js-env code - function","    case 'node':","        break;","    }","","","","    // run shared js-env code - post-init","    (function () {","        return;","    }());","    switch (local.modeJs) {","","","","    // run browser js-env code - post-init","    case 'browser':","        // run tests","        local.nop(local.modeTest &&","            document.querySelector('#testRunButton1') &&","            document.querySelector('#testRunButton1').click());","        break;","","","","    // run node js-env code - post-init","    /* istanbul ignore next */","    case 'node':","        local.testCase_buildApidoc_default = local.testCase_buildApidoc_default || function (","            options,","            onError","        ) {","        /*","         * this function will test buildApidoc's default handling-behavior-behavior","         */","            options = { modulePathList: module.paths };","            local.buildApidoc(options, onError);","        };","","        local.testCase_buildApp_default = local.testCase_buildApp_default || function (","            options,","            onError","        ) {","        /*","         * this function will test buildApp's default handling-behavior-behavior","         */","            local.testCase_buildReadme_default(options, local.onErrorThrow);","            local.testCase_buildLib_default(options, local.onErrorThrow);","            local.testCase_buildTest_default(options, local.onErrorThrow);","            local.testCase_buildCustomOrg_default(options, local.onErrorThrow);","            options = [];","            local.buildApp(options, onError);","        };","","        local.testCase_buildCustomOrg_default = local.testCase_buildCustomOrg_default ||","            function (options, onError) {","            /*","             * this function will test buildCustomOrg's default handling-behavior","             */","                options = {};","                local.buildCustomOrg(options, onError);","            };","","        local.testCase_buildLib_default = local.testCase_buildLib_default || function (","            options,","            onError","        ) {","        /*","         * this function will test buildLib's default handling-behavior","         */","            options = {};","            local.buildLib(options, onError);","        };","","        local.testCase_buildReadme_default = local.testCase_buildReadme_default || function (","            options,","            onError","        ) {","        /*","         * this function will test buildReadme's default handling-behavior-behavior","         */","            options = {};","            local.buildReadme(options, onError);","        };","","        local.testCase_buildTest_default = local.testCase_buildTest_default || function (","            options,","            onError","        ) {","        /*","         * this function will test buildTest's default handling-behavior","         */","            options = {};","            local.buildTest(options, onError);","        };","","        local.testCase_webpage_default = local.testCase_webpage_default || function (","            options,","            onError","        ) {","        /*","         * this function will test webpage's default handling-behavior","         */","            options = { modeCoverageMerge: true, url: local.serverLocalHost + '?modeTest=1' };","            local.browserTest(options, onError);","        };","","        // run test-server","        local.testRunServer(local);","        break;","    }","}());",""],"l":{"12":2,"14":2,"19":2,"21":2,"23":2,"24":2,"25":2,"30":1,"37":2,"40":2,"43":1,"47":1,"50":1,"52":1,"55":2,"61":2,"62":2,"64":2,"70":1,"76":1,"82":2,"83":2,"85":2,"92":1,"95":1,"102":1,"109":1,"110":1,"113":1,"120":1,"121":1,"122":1,"123":1,"124":1,"125":1,"128":1,"133":2,"134":2,"137":1,"144":2,"145":2,"148":1,"155":2,"156":2,"159":1,"166":2,"167":2,"170":1,"177":1,"178":1,"182":1,"183":1}},"/home/travis/build/npmtest/node-npmtest-mochify/lib.npmtest_mochify.js":{"path":"/home/travis/build/npmtest/node-npmtest-mochify/lib.npmtest_mochify.js","s":{"1":2,"2":2,"3":2,"4":2,"5":2,"6":2,"7":2,"8":1,"9":2,"10":2,"11":2,"12":2,"13":1,"14":1,"15":1,"16":1},"b":{"1":[2,1,1,1],"2":[1,1,1,1],"3":[1,1],"4":[2,2],"5":[1,1]},"f":{"1":2,"2":2,"3":2},"fnMap":{"1":{"name":"(anonymous_1)","line":12,"loc":{"start":{"line":12,"column":1},"end":{"line":12,"column":13}}},"2":{"name":"(anonymous_2)","line":19,"loc":{"start":{"line":19,"column":5},"end":{"line":19,"column":17}}},"3":{"name":"(anonymous_3)","line":23,"loc":{"start":{"line":23,"column":24},"end":{"line":23,"column":36}}}},"statementMap":{"1":{"start":{"line":12,"column":0},"end":{"line":53,"column":5}},"2":{"start":{"line":14,"column":4},"end":{"line":14,"column":14}},"3":{"start":{"line":19,"column":4},"end":{"line":52,"column":9}},"4":{"start":{"line":21,"column":8},"end":{"line":21,"column":19}},"5":{"start":{"line":23,"column":8},"end":{"line":35,"column":13}},"6":{"start":{"line":24,"column":12},"end":{"line":34,"column":13}},"7":{"start":{"line":25,"column":16},"end":{"line":28,"column":30}},"8":{"start":{"line":30,"column":16},"end":{"line":33,"column":27}},"9":{"start":{"line":37,"column":8},"end":{"line":39,"column":21}},"10":{"start":{"line":41,"column":8},"end":{"line":41,"column":54}},"11":{"start":{"line":43,"column":8},"end":{"line":43,"column":52}},"12":{"start":{"line":45,"column":8},"end":{"line":51,"column":9}},"13":{"start":{"line":46,"column":12},"end":{"line":46,"column":58}},"14":{"start":{"line":48,"column":12},"end":{"line":48,"column":35}},"15":{"start":{"line":49,"column":12},"end":{"line":49,"column":49}},"16":{"start":{"line":50,"column":12},"end":{"line":50,"column":43}}},"branchMap":{"1":{"line":25,"type":"binary-expr","locations":[{"start":{"line":25,"column":23},"end":{"line":25,"column":62}},{"start":{"line":26,"column":20},"end":{"line":26,"column":70}},{"start":{"line":27,"column":20},"end":{"line":27,"column":71}},{"start":{"line":28,"column":20},"end":{"line":28,"column":29}}]},"2":{"line":30,"type":"binary-expr","locations":[{"start":{"line":30,"column":23},"end":{"line":30,"column":37}},{"start":{"line":31,"column":20},"end":{"line":31,"column":61}},{"start":{"line":32,"column":20},"end":{"line":32,"column":70}},{"start":{"line":33,"column":20},"end":{"line":33,"column":26}}]},"3":{"line":37,"type":"cond-expr","locations":[{"start":{"line":38,"column":14},"end":{"line":38,"column":20}},{"start":{"line":39,"column":14},"end":{"line":39,"column":20}}]},"4":{"line":41,"type":"binary-expr","locations":[{"start":{"line":41,"column":16},"end":{"line":41,"column":44}},{"start":{"line":41,"column":48},"end":{"line":41,"column":53}}]},"5":{"line":45,"type":"if","locations":[{"start":{"line":45,"column":8},"end":{"line":45,"column":8}},{"start":{"line":45,"column":8},"end":{"line":45,"column":8}}]}},"code":["/* istanbul instrument in package npmtest_mochify */","/*jslint","    bitwise: true,","    browser: true,","    maxerr: 8,","    maxlen: 96,","    node: true,","    nomen: true,","    regexp: true,","    stupid: true","*/","(function () {","    'use strict';","    var local;","","","","    // run shared js-env code - pre-init","    (function () {","        // init local","        local = {};","        // init modeJs","        local.modeJs = (function () {","            try {","                return typeof navigator.userAgent === 'string' &&","                    typeof document.querySelector('body') === 'object' &&","                    typeof XMLHttpRequest.prototype.open === 'function' &&","                    'browser';","            } catch (errorCaughtBrowser) {","                return module.exports &&","                    typeof process.versions.node === 'string' &&","                    typeof require('http').createServer === 'function' &&","                    'node';","            }","        }());","        // init global","        local.global = local.modeJs === 'browser'","            ? window","            : global;","        // init utility2_rollup","        local = local.global.utility2_rollup || local;","        // init lib","        local.local = local.npmtest_mochify = local;","        // init exports","        if (local.modeJs === 'browser') {","            local.global.utility2_npmtest_mochify = local;","        } else {","            module.exports = local;","            module.exports.__dirname = __dirname;","            module.exports.module = module;","        }","    }());","}());",""],"l":{"12":2,"14":2,"19":2,"21":2,"23":2,"24":2,"25":2,"30":1,"37":2,"41":2,"43":2,"45":2,"46":1,"48":1,"49":1,"50":1}},"/home/travis/build/npmtest/node-npmtest-mochify/example.js":{"path":"/home/travis/build/npmtest/node-npmtest-mochify/example.js","s":{"1":2,"2":2,"3":2,"4":2,"5":2,"6":2,"7":2,"8":1,"9":2,"10":2,"11":2,"12":2,"13":1,"14":2,"15":2,"16":2,"17":2,"18":2,"19":0,"20":2,"21":1,"22":1,"23":1,"24":1,"25":1,"26":0,"27":0,"28":1,"29":1,"30":2,"31":0,"32":0,"33":0,"34":1,"35":2,"36":2,"37":2,"38":2,"39":2,"40":2,"41":0,"42":2,"43":2,"44":2,"45":1,"46":3,"47":1,"48":1,"49":1,"50":1,"51":1,"52":1,"53":1,"54":1,"55":1,"56":1,"57":0,"58":1,"59":6,"60":6,"61":1,"62":2,"63":0,"64":2,"65":1,"66":1,"67":0,"68":0,"69":0,"70":0,"71":0,"72":0,"73":0,"74":0,"75":0,"76":0,"77":0,"78":0,"79":0,"80":0,"81":0,"82":0,"83":0},"b":{"1":[2,1,1,1],"2":[1,1,1,1],"3":[1,1],"4":[2,2],"5":[1,1],"6":[1,1],"7":[2,0],"8":[2,1,1,1,1,1],"9":[0,2,0],"10":[1,1],"11":[2,1,1],"12":[1,0],"13":[0,2],"14":[2,0,0,0,0,0,0],"15":[0,2],"16":[2,0],"17":[1,1],"18":[0,1],"19":[1,2,0,2],"20":[1,0],"21":[1,1],"22":[0,0],"23":[0,0],"24":[0,0],"25":[0,0],"26":[0,0],"27":[0,0],"28":[0,0]},"f":{"1":2,"2":2,"3":2,"4":2,"5":2,"6":2,"7":2,"8":2,"9":3,"10":1,"11":6,"12":0},"fnMap":{"1":{"name":"(anonymous_1)","line":26,"loc":{"start":{"line":26,"column":1},"end":{"line":26,"column":13}}},"2":{"name":"(anonymous_2)","line":33,"loc":{"start":{"line":33,"column":5},"end":{"line":33,"column":17}}},"3":{"name":"(anonymous_3)","line":37,"loc":{"start":{"line":37,"column":24},"end":{"line":37,"column":36}}},"4":{"name":"(anonymous_4)","line":69,"loc":{"start":{"line":69,"column":31},"end":{"line":69,"column":48}},"skip":true},"5":{"name":"(anonymous_5)","line":78,"loc":{"start":{"line":78,"column":26},"end":{"line":78,"column":45}},"skip":true},"6":{"name":"(anonymous_6)","line":123,"loc":{"start":{"line":123,"column":33},"end":{"line":123,"column":48}},"skip":true},"7":{"name":"(anonymous_7)","line":125,"loc":{"start":{"line":125,"column":27},"end":{"line":125,"column":39}},"skip":true},"8":{"name":"(anonymous_8)","line":133,"loc":{"start":{"line":133,"column":59},"end":{"line":133,"column":74}},"skip":true},"9":{"name":"(anonymous_9)","line":143,"loc":{"start":{"line":143,"column":45},"end":{"line":143,"column":62}},"skip":true},"10":{"name":"(anonymous_10)","line":144,"loc":{"start":{"line":144,"column":73},"end":{"line":144,"column":92}},"skip":true},"11":{"name":"(anonymous_11)","line":272,"loc":{"start":{"line":272,"column":51},"end":{"line":272,"column":77}},"skip":true},"12":{"name":"(anonymous_12)","line":314,"loc":{"start":{"line":314,"column":32},"end":{"line":314,"column":61}},"skip":true}},"statementMap":{"1":{"start":{"line":26,"column":0},"end":{"line":325,"column":5}},"2":{"start":{"line":28,"column":4},"end":{"line":28,"column":14}},"3":{"start":{"line":33,"column":4},"end":{"line":60,"column":9}},"4":{"start":{"line":35,"column":8},"end":{"line":35,"column":19}},"5":{"start":{"line":37,"column":8},"end":{"line":49,"column":13}},"6":{"start":{"line":38,"column":12},"end":{"line":48,"column":13}},"7":{"start":{"line":39,"column":16},"end":{"line":42,"column":30}},"8":{"start":{"line":44,"column":16},"end":{"line":47,"column":27}},"9":{"start":{"line":51,"column":8},"end":{"line":53,"column":21}},"10":{"start":{"line":55,"column":8},"end":{"line":57,"column":45}},"11":{"start":{"line":59,"column":8},"end":{"line":59,"column":35}},"12":{"start":{"line":61,"column":4},"end":{"line":324,"column":5}},"13":{"start":{"line":69,"column":8},"end":{"line":121,"column":10},"skip":true},"14":{"start":{"line":70,"column":12},"end":{"line":88,"column":13},"skip":true},"15":{"start":{"line":76,"column":16},"end":{"line":87,"column":19},"skip":true},"16":{"start":{"line":79,"column":20},"end":{"line":86,"column":21},"skip":true},"17":{"start":{"line":82,"column":24},"end":{"line":82,"column":43},"skip":true},"18":{"start":{"line":83,"column":24},"end":{"line":83,"column":30},"skip":true},"19":{"start":{"line":85,"column":24},"end":{"line":85,"column":49},"skip":true},"20":{"start":{"line":89,"column":12},"end":{"line":107,"column":13},"skip":true},"21":{"start":{"line":92,"column":16},"end":{"line":102,"column":17},"skip":true},"22":{"start":{"line":93,"column":20},"end":{"line":93,"column":86},"skip":true},"23":{"start":{"line":94,"column":20},"end":{"line":95,"column":45},"skip":true},"24":{"start":{"line":96,"column":20},"end":{"line":96,"column":42},"skip":true},"25":{"start":{"line":97,"column":20},"end":{"line":97,"column":48},"skip":true},"26":{"start":{"line":100,"column":20},"end":{"line":100,"column":85},"skip":true},"27":{"start":{"line":101,"column":20},"end":{"line":101,"column":96},"skip":true},"28":{"start":{"line":103,"column":16},"end":{"line":103,"column":22},"skip":true},"29":{"start":{"line":106,"column":16},"end":{"line":106,"column":22},"skip":true},"30":{"start":{"line":108,"column":12},"end":{"line":120,"column":13},"skip":true},"31":{"start":{"line":114,"column":16},"end":{"line":119,"column":17},"skip":true},"32":{"start":{"line":116,"column":20},"end":{"line":116,"column":78},"skip":true},"33":{"start":{"line":118,"column":20},"end":{"line":118,"column":47},"skip":true},"34":{"start":{"line":123,"column":8},"end":{"line":141,"column":11},"skip":true},"35":{"start":{"line":124,"column":12},"end":{"line":124,"column":54},"skip":true},"36":{"start":{"line":125,"column":12},"end":{"line":140,"column":14},"skip":true},"37":{"start":{"line":126,"column":16},"end":{"line":126,"column":28},"skip":true},"38":{"start":{"line":127,"column":16},"end":{"line":127,"column":69},"skip":true},"39":{"start":{"line":128,"column":16},"end":{"line":128,"column":75},"skip":true},"40":{"start":{"line":129,"column":16},"end":{"line":131,"column":17},"skip":true},"41":{"start":{"line":130,"column":20},"end":{"line":130,"column":27},"skip":true},"42":{"start":{"line":133,"column":16},"end":{"line":137,"column":36},"skip":true},"43":{"start":{"line":134,"column":20},"end":{"line":136,"column":55},"skip":true},"44":{"start":{"line":139,"column":16},"end":{"line":139,"column":57},"skip":true},"45":{"start":{"line":143,"column":8},"end":{"line":147,"column":11},"skip":true},"46":{"start":{"line":144,"column":12},"end":{"line":146,"column":15},"skip":true},"47":{"start":{"line":145,"column":16},"end":{"line":145,"column":70},"skip":true},"48":{"start":{"line":149,"column":8},"end":{"line":149,"column":31},"skip":true},"49":{"start":{"line":150,"column":8},"end":{"line":150,"column":14},"skip":true},"50":{"start":{"line":158,"column":8},"end":{"line":158,"column":31},"skip":true},"51":{"start":{"line":160,"column":8},"end":{"line":160,"column":33},"skip":true},"52":{"start":{"line":161,"column":8},"end":{"line":161,"column":37},"skip":true},"53":{"start":{"line":162,"column":8},"end":{"line":162,"column":35},"skip":true},"54":{"start":{"line":164,"column":8},"end":{"line":164,"column":50},"skip":true},"55":{"start":{"line":166,"column":8},"end":{"line":256,"column":2},"skip":true},"56":{"start":{"line":258,"column":8},"end":{"line":286,"column":9},"skip":true},"57":{"start":{"line":259,"column":12},"end":{"line":269,"column":14},"skip":true},"58":{"start":{"line":271,"column":12},"end":{"line":285,"column":19},"skip":true},"59":{"start":{"line":274,"column":20},"end":{"line":274,"column":35},"skip":true},"60":{"start":{"line":275,"column":20},"end":{"line":284,"column":21},"skip":true},"61":{"start":{"line":277,"column":24},"end":{"line":277,"column":64},"skip":true},"62":{"start":{"line":279,"column":24},"end":{"line":279,"column":40},"skip":true},"63":{"start":{"line":281,"column":24},"end":{"line":281,"column":40},"skip":true},"64":{"start":{"line":283,"column":24},"end":{"line":283,"column":39},"skip":true},"65":{"start":{"line":288,"column":8},"end":{"line":290,"column":9},"skip":true},"66":{"start":{"line":289,"column":12},"end":{"line":289,"column":18},"skip":true},"67":{"start":{"line":291,"column":8},"end":{"line":293,"column":54},"skip":true},"68":{"start":{"line":294,"column":8},"end":{"line":301,"column":37},"skip":true},"69":{"start":{"line":302,"column":8},"end":{"line":302,"column":82},"skip":true},"70":{"start":{"line":305,"column":8},"end":{"line":307,"column":9},"skip":true},"71":{"start":{"line":306,"column":12},"end":{"line":306,"column":82},"skip":true},"72":{"start":{"line":309,"column":8},"end":{"line":311,"column":9},"skip":true},"73":{"start":{"line":310,"column":12},"end":{"line":310,"column":18},"skip":true},"74":{"start":{"line":312,"column":8},"end":{"line":312,"column":54},"skip":true},"75":{"start":{"line":313,"column":8},"end":{"line":313,"column":69},"skip":true},"76":{"start":{"line":314,"column":8},"end":{"line":322,"column":36},"skip":true},"77":{"start":{"line":315,"column":12},"end":{"line":315,"column":61},"skip":true},"78":{"start":{"line":316,"column":12},"end":{"line":319,"column":13},"skip":true},"79":{"start":{"line":317,"column":16},"end":{"line":317,"column":75},"skip":true},"80":{"start":{"line":318,"column":16},"end":{"line":318,"column":23},"skip":true},"81":{"start":{"line":320,"column":12},"end":{"line":320,"column":38},"skip":true},"82":{"start":{"line":321,"column":12},"end":{"line":321,"column":27},"skip":true},"83":{"start":{"line":323,"column":8},"end":{"line":323,"column":14},"skip":true}},"branchMap":{"1":{"line":39,"type":"binary-expr","locations":[{"start":{"line":39,"column":23},"end":{"line":39,"column":62}},{"start":{"line":40,"column":20},"end":{"line":40,"column":70}},{"start":{"line":41,"column":20},"end":{"line":41,"column":71}},{"start":{"line":42,"column":20},"end":{"line":42,"column":29}}]},"2":{"line":44,"type":"binary-expr","locations":[{"start":{"line":44,"column":23},"end":{"line":44,"column":37}},{"start":{"line":45,"column":20},"end":{"line":45,"column":61}},{"start":{"line":46,"column":20},"end":{"line":46,"column":70}},{"start":{"line":47,"column":20},"end":{"line":47,"column":26}}]},"3":{"line":51,"type":"cond-expr","locations":[{"start":{"line":52,"column":14},"end":{"line":52,"column":20}},{"start":{"line":53,"column":14},"end":{"line":53,"column":20}}]},"4":{"line":55,"type":"binary-expr","locations":[{"start":{"line":55,"column":16},"end":{"line":55,"column":44}},{"start":{"line":55,"column":49},"end":{"line":57,"column":43}}]},"5":{"line":55,"type":"cond-expr","locations":[{"start":{"line":56,"column":14},"end":{"line":56,"column":51}},{"start":{"line":57,"column":14},"end":{"line":57,"column":43}}]},"6":{"line":61,"type":"switch","locations":[{"start":{"line":68,"column":4},"end":{"line":150,"column":14},"skip":true},{"start":{"line":156,"column":4},"end":{"line":323,"column":14},"skip":true}]},"7":{"line":70,"type":"if","locations":[{"start":{"line":70,"column":12},"end":{"line":70,"column":12},"skip":true},{"start":{"line":70,"column":12},"end":{"line":70,"column":12},"skip":true}]},"8":{"line":70,"type":"binary-expr","locations":[{"start":{"line":70,"column":16},"end":{"line":70,"column":22},"skip":true},{"start":{"line":70,"column":27},"end":{"line":70,"column":32},"skip":true},{"start":{"line":71,"column":20},"end":{"line":71,"column":39},"skip":true},{"start":{"line":72,"column":20},"end":{"line":72,"column":49},"skip":true},{"start":{"line":73,"column":20},"end":{"line":73,"column":58},"skip":true},{"start":{"line":74,"column":20},"end":{"line":74,"column":69},"skip":true}]},"9":{"line":79,"type":"switch","locations":[{"start":{"line":80,"column":20},"end":{"line":80,"column":33},"skip":true},{"start":{"line":81,"column":20},"end":{"line":83,"column":30},"skip":true},{"start":{"line":84,"column":20},"end":{"line":85,"column":49},"skip":true}]},"10":{"line":89,"type":"switch","locations":[{"start":{"line":90,"column":12},"end":{"line":103,"column":22},"skip":true},{"start":{"line":105,"column":12},"end":{"line":106,"column":22},"skip":true}]},"11":{"line":89,"type":"binary-expr","locations":[{"start":{"line":89,"column":20},"end":{"line":89,"column":25},"skip":true},{"start":{"line":89,"column":29},"end":{"line":89,"column":48},"skip":true},{"start":{"line":89,"column":52},"end":{"line":89,"column":74},"skip":true}]},"12":{"line":92,"type":"if","locations":[{"start":{"line":92,"column":16},"end":{"line":92,"column":16},"skip":true},{"start":{"line":92,"column":16},"end":{"line":92,"column":16},"skip":true}]},"13":{"line":108,"type":"if","locations":[{"start":{"line":108,"column":12},"end":{"line":108,"column":12},"skip":true},{"start":{"line":108,"column":12},"end":{"line":108,"column":12},"skip":true}]},"14":{"line":108,"type":"binary-expr","locations":[{"start":{"line":108,"column":16},"end":{"line":108,"column":61},"skip":true},{"start":{"line":108,"column":66},"end":{"line":108,"column":72},"skip":true},{"start":{"line":108,"column":77},"end":{"line":108,"column":82},"skip":true},{"start":{"line":109,"column":20},"end":{"line":109,"column":39},"skip":true},{"start":{"line":110,"column":20},"end":{"line":110,"column":49},"skip":true},{"start":{"line":111,"column":20},"end":{"line":111,"column":58},"skip":true},{"start":{"line":112,"column":20},"end":{"line":112,"column":68},"skip":true}]},"15":{"line":129,"type":"if","locations":[{"start":{"line":129,"column":16},"end":{"line":129,"column":16},"skip":true},{"start":{"line":129,"column":16},"end":{"line":129,"column":16},"skip":true}]},"16":{"line":134,"type":"cond-expr","locations":[{"start":{"line":135,"column":26},"end":{"line":135,"column":29},"skip":true},{"start":{"line":136,"column":26},"end":{"line":136,"column":54},"skip":true}]},"17":{"line":164,"type":"binary-expr","locations":[{"start":{"line":164,"column":27},"end":{"line":164,"column":43},"skip":true},{"start":{"line":164,"column":47},"end":{"line":164,"column":49},"skip":true}]},"18":{"line":258,"type":"if","locations":[{"start":{"line":258,"column":8},"end":{"line":258,"column":8},"skip":true},{"start":{"line":258,"column":8},"end":{"line":258,"column":8},"skip":true}]},"19":{"line":275,"type":"switch","locations":[{"start":{"line":276,"column":20},"end":{"line":277,"column":64},"skip":true},{"start":{"line":278,"column":20},"end":{"line":279,"column":40},"skip":true},{"start":{"line":280,"column":20},"end":{"line":281,"column":40},"skip":true},{"start":{"line":282,"column":20},"end":{"line":283,"column":39},"skip":true}]},"20":{"line":288,"type":"if","locations":[{"start":{"line":288,"column":8},"end":{"line":288,"column":8},"skip":true},{"start":{"line":288,"column":8},"end":{"line":288,"column":8},"skip":true}]},"21":{"line":288,"type":"binary-expr","locations":[{"start":{"line":288,"column":12},"end":{"line":288,"column":40},"skip":true},{"start":{"line":288,"column":44},"end":{"line":288,"column":67},"skip":true}]},"22":{"line":292,"type":"binary-expr","locations":[{"start":{"line":292,"column":12},"end":{"line":292,"column":50},"skip":true},{"start":{"line":293,"column":12},"end":{"line":293,"column":53},"skip":true}]},"23":{"line":295,"type":"binary-expr","locations":[{"start":{"line":295,"column":12},"end":{"line":295,"column":65},"skip":true},{"start":{"line":296,"column":12},"end":{"line":301,"column":36},"skip":true}]},"24":{"line":302,"type":"binary-expr","locations":[{"start":{"line":302,"column":43},"end":{"line":302,"column":75},"skip":true},{"start":{"line":302,"column":79},"end":{"line":302,"column":81},"skip":true}]},"25":{"line":305,"type":"if","locations":[{"start":{"line":305,"column":8},"end":{"line":305,"column":8},"skip":true},{"start":{"line":305,"column":8},"end":{"line":305,"column":8},"skip":true}]},"26":{"line":309,"type":"if","locations":[{"start":{"line":309,"column":8},"end":{"line":309,"column":8},"skip":true},{"start":{"line":309,"column":8},"end":{"line":309,"column":8},"skip":true}]},"27":{"line":312,"type":"binary-expr","locations":[{"start":{"line":312,"column":27},"end":{"line":312,"column":43},"skip":true},{"start":{"line":312,"column":47},"end":{"line":312,"column":53},"skip":true}]},"28":{"line":316,"type":"if","locations":[{"start":{"line":316,"column":12},"end":{"line":316,"column":12},"skip":true},{"start":{"line":316,"column":12},"end":{"line":316,"column":12},"skip":true}]}},"code":["/*","example.js","","quickstart example","","instruction","    1. save this script as example.js","    2. run the shell command:","        $ npm install npmtest-mochify && PORT=8081 node example.js","    3. play with the browser-demo on http://127.0.0.1:8081","*/","","","","/* istanbul instrument in package npmtest_mochify */","/*jslint","    bitwise: true,","    browser: true,","    maxerr: 8,","    maxlen: 96,","    node: true,","    nomen: true,","    regexp: true,","    stupid: true","*/","(function () {","    'use strict';","    var local;","","","","    // run shared js-env code - pre-init","    (function () {","        // init local","        local = {};","        // init modeJs","        local.modeJs = (function () {","            try {","                return typeof navigator.userAgent === 'string' &&","                    typeof document.querySelector('body') === 'object' &&","                    typeof XMLHttpRequest.prototype.open === 'function' &&","                    'browser';","            } catch (errorCaughtBrowser) {","                return module.exports &&","                    typeof process.versions.node === 'string' &&","                    typeof require('http').createServer === 'function' &&","                    'node';","            }","        }());","        // init global","        local.global = local.modeJs === 'browser'","            ? window","            : global;","        // init utility2_rollup","        local = local.global.utility2_rollup || (local.modeJs === 'browser'","            ? local.global.utility2_npmtest_mochify","            : global.utility2_moduleExports);","        // export local","        local.global.local = local;","    }());","    switch (local.modeJs) {","","","","    // post-init","    // run browser js-env code - post-init","    /* istanbul ignore next */","    case 'browser':","        local.testRunBrowser = function (event) {","            if (!event || (event &&","                    event.currentTarget &&","                    event.currentTarget.className &&","                    event.currentTarget.className.includes &&","                    event.currentTarget.className.includes('onreset'))) {","                // reset output","                Array.from(","                    document.querySelectorAll('body > .resettable')","                ).forEach(function (element) {","                    switch (element.tagName) {","                    case 'INPUT':","                    case 'TEXTAREA':","                        element.value = '';","                        break;","                    default:","                        element.textContent = '';","                    }","                });","            }","            switch (event && event.currentTarget && event.currentTarget.id) {","            case 'testRunButton1':","                // show tests","                if (document.querySelector('#testReportDiv1').style.display === 'none') {","                    document.querySelector('#testReportDiv1').style.display = 'block';","                    document.querySelector('#testRunButton1').textContent =","                        'hide internal test';","                    local.modeTest = true;","                    local.testRunDefault(local);","                // hide tests","                } else {","                    document.querySelector('#testReportDiv1').style.display = 'none';","                    document.querySelector('#testRunButton1').textContent = 'run internal test';","                }","                break;","            // custom-case","            default:","                break;","            }","            if (document.querySelector('#inputTextareaEval1') && (!event || (event &&","                    event.currentTarget &&","                    event.currentTarget.className &&","                    event.currentTarget.className.includes &&","                    event.currentTarget.className.includes('oneval')))) {","                // try to eval input-code","                try {","                    /*jslint evil: true*/","                    eval(document.querySelector('#inputTextareaEval1').value);","                } catch (errorCaught) {","                    console.error(errorCaught);","                }","            }","        };","        // log stderr and stdout to #outputTextareaStdout1","        ['error', 'log'].forEach(function (key) {","            console[key + '_original'] = console[key];","            console[key] = function () {","                var element;","                console[key + '_original'].apply(console, arguments);","                element = document.querySelector('#outputTextareaStdout1');","                if (!element) {","                    return;","                }","                // append text to #outputTextareaStdout1","                element.value += Array.from(arguments).map(function (arg) {","                    return typeof arg === 'string'","                        ? arg","                        : JSON.stringify(arg, null, 4);","                }).join(' ') + '\\n';","                // scroll textarea to bottom","                element.scrollTop = element.scrollHeight;","            };","        });","        // init event-handling","        ['change', 'click', 'keyup'].forEach(function (event) {","            Array.from(document.querySelectorAll('.on' + event)).forEach(function (element) {","                element.addEventListener(event, local.testRunBrowser);","            });","        });","        // run tests","        local.testRunBrowser();","        break;","","","","    // run node js-env code - post-init","    /* istanbul ignore next */","    case 'node':","        // export local","        module.exports = local;","        // require modules","        local.fs = require('fs');","        local.http = require('http');","        local.url = require('url');","        // init assets","        local.assetsDict = local.assetsDict || {};","        /* jslint-ignore-begin */","        local.assetsDict['/assets.index.template.html'] = '\\","<!doctype html>\\n\\","<html lang=\"en\">\\n\\","<head>\\n\\","<meta charset=\"UTF-8\">\\n\\","<meta name=\"viewport\" content=\"width=device-width, initial-scale=1\">\\n\\","<title>{{env.npm_package_name}} (v{{env.npm_package_version}})</title>\\n\\","<style>\\n\\","/*csslint\\n\\","    box-sizing: false,\\n\\","    universal-selector: false\\n\\","*/\\n\\","* {\\n\\","    box-sizing: border-box;\\n\\","}\\n\\","body {\\n\\","    background: #dde;\\n\\","    font-family: Arial, Helvetica, sans-serif;\\n\\","    margin: 2rem;\\n\\","}\\n\\","body > * {\\n\\","    margin-bottom: 1rem;\\n\\","}\\n\\",".utility2FooterDiv {\\n\\","    margin-top: 20px;\\n\\","    text-align: center;\\n\\","}\\n\\","</style>\\n\\","<style>\\n\\","/*csslint\\n\\","*/\\n\\","textarea {\\n\\","    font-family: monospace;\\n\\","    height: 10rem;\\n\\","    width: 100%;\\n\\","}\\n\\","textarea[readonly] {\\n\\","    background: #ddd;\\n\\","}\\n\\","</style>\\n\\","</head>\\n\\","<body>\\n\\","<!-- utility2-comment\\n\\","<div id=\"ajaxProgressDiv1\" style=\"background: #d00; height: 2px; left: 0; margin: 0; padding: 0; position: fixed; top: 0; transition: background 0.5s, width 1.5s; width: 25%;\"></div>\\n\\","utility2-comment -->\\n\\","<h1>\\n\\","<!-- utility2-comment\\n\\","    <a\\n\\","        {{#if env.npm_package_homepage}}\\n\\","        href=\"{{env.npm_package_homepage}}\"\\n\\","        {{/if env.npm_package_homepage}}\\n\\","        target=\"_blank\"\\n\\","    >\\n\\","utility2-comment -->\\n\\","        {{env.npm_package_name}} (v{{env.npm_package_version}})\\n\\","<!-- utility2-comment\\n\\","    </a>\\n\\","utility2-comment -->\\n\\","</h1>\\n\\","<h3>{{env.npm_package_description}}</h3>\\n\\","<!-- utility2-comment\\n\\","<h4><a download href=\"assets.app.js\">download standalone app</a></h4>\\n\\","<button class=\"onclick onreset\" id=\"testRunButton1\">run internal test</button><br>\\n\\","<div id=\"testReportDiv1\" style=\"display: none;\"></div>\\n\\","utility2-comment -->\\n\\","\\n\\","\\n\\","\\n\\","<label>stderr and stdout</label>\\n\\","<textarea class=\"resettable\" id=\"outputTextareaStdout1\" readonly></textarea>\\n\\","<!-- utility2-comment\\n\\","{{#if isRollup}}\\n\\","<script src=\"assets.app.js\"></script>\\n\\","{{#unless isRollup}}\\n\\","utility2-comment -->\\n\\","<script src=\"assets.utility2.rollup.js\"></script>\\n\\","<script src=\"jsonp.utility2._stateInit?callback=window.utility2._stateInit\"></script>\\n\\","<script src=\"assets.npmtest_mochify.rollup.js\"></script>\\n\\","<script src=\"assets.example.js\"></script>\\n\\","<script src=\"assets.test.js\"></script>\\n\\","<!-- utility2-comment\\n\\","{{/if isRollup}}\\n\\","utility2-comment -->\\n\\","<div class=\"utility2FooterDiv\">\\n\\","    [ this app was created with\\n\\","    <a href=\"https://github.com/kaizhu256/node-utility2\" target=\"_blank\">utility2</a>\\n\\","    ]\\n\\","</div>\\n\\","</body>\\n\\","</html>\\n\\","';","        /* jslint-ignore-end */","        if (local.templateRender) {","            local.assetsDict['/'] = local.templateRender(","                local.assetsDict['/assets.index.template.html'],","                {","                    env: local.objectSetDefault(local.env, {","                        npm_package_description: 'the greatest app in the world!',","                        npm_package_name: 'my-app',","                        npm_package_nameAlias: 'my_app',","                        npm_package_version: '0.0.1'","                    })","                }","            );","        } else {","            local.assetsDict['/'] = local.assetsDict['/assets.index.template.html']","                .replace((/\\{\\{env\\.(\\w+?)\\}\\}/g), function (match0, match1) {","                    // jslint-hack","                    String(match0);","                    switch (match1) {","                    case 'npm_package_description':","                        return 'the greatest app in the world!';","                    case 'npm_package_name':","                        return 'my-app';","                    case 'npm_package_nameAlias':","                        return 'my_app';","                    case 'npm_package_version':","                        return '0.0.1';","                    }","                });","        }","        // run the cli","        if (local.global.utility2_rollup || module !== require.main) {","            break;","        }","        local.assetsDict['/assets.example.js'] =","            local.assetsDict['/assets.example.js'] ||","            local.fs.readFileSync(__filename, 'utf8');","        local.assetsDict['/assets.npmtest_mochify.rollup.js'] =","            local.assetsDict['/assets.npmtest_mochify.rollup.js'] ||","            local.fs.readFileSync(","                // buildCustomOrg-hack","                local.npmtest_mochify.__dirname +","                    '/lib.npmtest_mochify.js',","                'utf8'","            ).replace((/^#!/), '//');","        local.assetsDict['/favicon.ico'] = local.assetsDict['/favicon.ico'] || '';","        // if $npm_config_timeout_exit exists,","        // then exit this process after $npm_config_timeout_exit ms","        if (Number(process.env.npm_config_timeout_exit)) {","            setTimeout(process.exit, Number(process.env.npm_config_timeout_exit));","        }","        // start server","        if (local.global.utility2_serverHttp1) {","            break;","        }","        process.env.PORT = process.env.PORT || '8081';","        console.error('server starting on port ' + process.env.PORT);","        local.http.createServer(function (request, response) {","            request.urlParsed = local.url.parse(request.url);","            if (local.assetsDict[request.urlParsed.pathname] !== undefined) {","                response.end(local.assetsDict[request.urlParsed.pathname]);","                return;","            }","            response.statusCode = 404;","            response.end();","        }).listen(process.env.PORT);","        break;","    }","}());",""],"l":{"26":2,"28":2,"33":2,"35":2,"37":2,"38":2,"39":2,"44":1,"51":2,"55":2,"59":2,"61":2,"69":1,"70":2,"76":2,"79":2,"82":2,"83":2,"85":1,"89":2,"92":1,"93":1,"94":1,"96":1,"97":1,"100":1,"101":1,"103":1,"106":1,"108":2,"114":1,"116":1,"118":1,"123":1,"124":2,"125":2,"126":2,"127":2,"128":2,"129":2,"130":1,"133":2,"134":2,"139":2,"143":1,"144":3,"145":1,"149":1,"150":1,"158":1,"160":1,"161":1,"162":1,"164":1,"166":1,"258":1,"259":1,"271":1,"274":6,"275":6,"277":1,"279":2,"281":1,"283":2,"288":1,"289":1,"291":1,"294":1,"302":1,"305":1,"306":1,"309":1,"310":1,"312":1,"313":1,"314":1,"315":1,"316":1,"317":1,"318":1,"320":1,"321":1,"323":1}},"/home/travis/build/npmtest/node-npmtest-mochify/node_modules/mochify/lib/mochify.js":{"path":"/home/travis/build/npmtest/node-npmtest-mochify/node_modules/mochify/lib/mochify.js","s":{"1":1,"2":1,"3":1,"4":1,"5":1,"6":1,"7":1,"8":1,"9":1,"10":1,"11":1,"12":1,"13":1,"14":1,"15":0,"16":0,"17":0,"18":0,"19":0,"20":0,"21":0,"22":0,"23":0,"24":0,"25":0,"26":0,"27":0,"28":0,"29":0,"30":0,"31":0,"32":0,"33":0,"34":0,"35":0,"36":0,"37":0,"38":0,"39":0,"40":0,"41":0,"42":0,"43":0,"44":0,"45":0,"46":0,"47":0,"48":0,"49":0,"50":0,"51":0,"52":0,"53":0,"54":0,"55":0,"56":1,"57":0,"58":0,"59":0,"60":0,"61":0,"62":0,"63":0,"64":0,"65":0,"66":0,"67":0,"68":0,"69":0,"70":0,"71":0,"72":0,"73":0,"74":0,"75":0,"76":0,"77":0,"78":0,"79":0,"80":0,"81":0,"82":0,"83":0,"84":0,"85":0,"86":0,"87":0,"88":0,"89":0,"90":0,"91":0,"92":0,"93":0,"94":0,"95":0,"96":0,"97":0,"98":0,"99":0,"100":0,"101":0,"102":0,"103":0,"104":0,"105":0,"106":0,"107":0,"108":0,"109":0,"110":0,"111":0,"112":0,"113":0,"114":0,"115":0,"116":0,"117":0,"118":0,"119":0,"120":0,"121":0,"122":1,"123":0,"124":0,"125":0,"126":0,"127":0,"128":0,"129":0,"130":0,"131":0,"132":0,"133":0,"134":0,"135":0,"136":0,"137":0,"138":0},"b":{"1":[0,0],"2":[0,0],"3":[0,0],"4":[0,0],"5":[0,0],"6":[0,0],"7":[0,0],"8":[0,0],"9":[0,0],"10":[0,0],"11":[0,0],"12":[0,0],"13":[0,0],"14":[0,0],"15":[0,0],"16":[0,0],"17":[0,0],"18":[0,0],"19":[0,0],"20":[0,0],"21":[0,0],"22":[0,0],"23":[0,0],"24":[0,0],"25":[0,0],"26":[0,0],"27":[0,0],"28":[0,0],"29":[0,0],"30":[0,0],"31":[0,0],"32":[0,0],"33":[0,0],"34":[0,0],"35":[0,0],"36":[0,0]},"f":{"1":0,"2":0,"3":0,"4":0,"5":0,"6":0,"7":0,"8":0,"9":0,"10":0,"11":0,"12":0,"13":0,"14":0,"15":0,"16":0},"fnMap":{"1":{"name":"(anonymous_1)","line":25,"loc":{"start":{"line":25,"column":17},"end":{"line":25,"column":36}}},"2":{"name":"(anonymous_2)","line":51,"loc":{"start":{"line":51,"column":37},"end":{"line":51,"column":52}}},"3":{"name":"(anonymous_3)","line":80,"loc":{"start":{"line":80,"column":16},"end":{"line":80,"column":31}}},"4":{"name":"error","line":92,"loc":{"start":{"line":92,"column":2},"end":{"line":92,"column":22}}},"5":{"name":"(anonymous_5)","line":149,"loc":{"start":{"line":149,"column":18},"end":{"line":149,"column":35}}},"6":{"name":"(anonymous_6)","line":156,"loc":{"start":{"line":156,"column":37},"end":{"line":156,"column":50}}},"7":{"name":"(anonymous_7)","line":161,"loc":{"start":{"line":161,"column":35},"end":{"line":161,"column":48}}},"8":{"name":"(anonymous_8)","line":170,"loc":{"start":{"line":170,"column":38},"end":{"line":170,"column":51}}},"9":{"name":"(anonymous_9)","line":179,"loc":{"start":{"line":179,"column":36},"end":{"line":179,"column":49}}},"10":{"name":"(anonymous_10)","line":194,"loc":{"start":{"line":194,"column":17},"end":{"line":194,"column":32}}},"11":{"name":"(anonymous_11)","line":204,"loc":{"start":{"line":204,"column":17},"end":{"line":204,"column":29}}},"12":{"name":"(anonymous_12)","line":213,"loc":{"start":{"line":213,"column":19},"end":{"line":213,"column":34}}},"13":{"name":"next","line":214,"loc":{"start":{"line":214,"column":6},"end":{"line":214,"column":22}}},"14":{"name":"(anonymous_14)","line":225,"loc":{"start":{"line":225,"column":25},"end":{"line":225,"column":37}}},"15":{"name":"(anonymous_15)","line":227,"loc":{"start":{"line":227,"column":17},"end":{"line":227,"column":29}}},"16":{"name":"(anonymous_16)","line":239,"loc":{"start":{"line":239,"column":22},"end":{"line":239,"column":34}}}},"statementMap":{"1":{"start":{"line":10,"column":0},"end":{"line":10,"column":39}},"2":{"start":{"line":11,"column":0},"end":{"line":11,"column":37}},"3":{"start":{"line":12,"column":0},"end":{"line":12,"column":37}},"4":{"start":{"line":13,"column":0},"end":{"line":13,"column":33}},"5":{"start":{"line":14,"column":0},"end":{"line":14,"column":38}},"6":{"start":{"line":15,"column":0},"end":{"line":15,"column":35}},"7":{"start":{"line":16,"column":0},"end":{"line":16,"column":36}},"8":{"start":{"line":17,"column":0},"end":{"line":17,"column":36}},"9":{"start":{"line":18,"column":0},"end":{"line":18,"column":35}},"10":{"start":{"line":19,"column":0},"end":{"line":19,"column":38}},"11":{"start":{"line":20,"column":0},"end":{"line":20,"column":40}},"12":{"start":{"line":21,"column":0},"end":{"line":21,"column":36}},"13":{"start":{"line":22,"column":0},"end":{"line":22,"column":35}},"14":{"start":{"line":25,"column":0},"end":{"line":246,"column":2}},"15":{"start":{"line":26,"column":2},"end":{"line":31,"column":3}},"16":{"start":{"line":27,"column":4},"end":{"line":27,"column":22}},"17":{"start":{"line":28,"column":9},"end":{"line":31,"column":3}},"18":{"start":{"line":29,"column":4},"end":{"line":29,"column":13}},"19":{"start":{"line":30,"column":4},"end":{"line":30,"column":22}},"20":{"start":{"line":32,"column":2},"end":{"line":34,"column":3}},"21":{"start":{"line":33,"column":4},"end":{"line":33,"column":14}},"22":{"start":{"line":35,"column":2},"end":{"line":37,"column":3}},"23":{"start":{"line":36,"column":4},"end":{"line":36,"column":33}},"24":{"start":{"line":38,"column":2},"end":{"line":49,"column":3}},"25":{"start":{"line":39,"column":4},"end":{"line":48,"column":5}},"26":{"start":{"line":40,"column":6},"end":{"line":40,"column":27}},"27":{"start":{"line":42,"column":6},"end":{"line":42,"column":29}},"28":{"start":{"line":43,"column":6},"end":{"line":47,"column":7}},"29":{"start":{"line":44,"column":8},"end":{"line":44,"column":24}},"30":{"start":{"line":46,"column":8},"end":{"line":46,"column":55}},"31":{"start":{"line":51,"column":2},"end":{"line":55,"column":5}},"32":{"start":{"line":52,"column":4},"end":{"line":54,"column":5}},"33":{"start":{"line":53,"column":6},"end":{"line":53,"column":37}},"34":{"start":{"line":57,"column":2},"end":{"line":66,"column":3}},"35":{"start":{"line":58,"column":4},"end":{"line":61,"column":5}},"36":{"start":{"line":59,"column":6},"end":{"line":59,"column":57}},"37":{"start":{"line":60,"column":6},"end":{"line":60,"column":22}},"38":{"start":{"line":62,"column":4},"end":{"line":65,"column":5}},"39":{"start":{"line":63,"column":6},"end":{"line":63,"column":55}},"40":{"start":{"line":64,"column":6},"end":{"line":64,"column":22}},"41":{"start":{"line":68,"column":2},"end":{"line":71,"column":3}},"42":{"start":{"line":69,"column":4},"end":{"line":69,"column":67}},"43":{"start":{"line":70,"column":4},"end":{"line":70,"column":20}},"44":{"start":{"line":73,"column":2},"end":{"line":76,"column":3}},"45":{"start":{"line":74,"column":4},"end":{"line":74,"column":62}},"46":{"start":{"line":75,"column":4},"end":{"line":75,"column":20}},"47":{"start":{"line":78,"column":2},"end":{"line":78,"column":19}},"48":{"start":{"line":79,"column":2},"end":{"line":79,"column":27}},"49":{"start":{"line":80,"column":2},"end":{"line":86,"column":5}},"50":{"start":{"line":81,"column":4},"end":{"line":85,"column":5}},"51":{"start":{"line":82,"column":6},"end":{"line":82,"column":24}},"52":{"start":{"line":84,"column":6},"end":{"line":84,"column":75}},"53":{"start":{"line":87,"column":2},"end":{"line":90,"column":3}},"54":{"start":{"line":88,"column":4},"end":{"line":88,"column":80}},"55":{"start":{"line":89,"column":4},"end":{"line":89,"column":20}},"56":{"start":{"line":92,"column":2},"end":{"line":95,"column":3}},"57":{"start":{"line":93,"column":4},"end":{"line":93,"column":38}},"58":{"start":{"line":94,"column":4},"end":{"line":94,"column":25}},"59":{"start":{"line":97,"column":2},"end":{"line":101,"column":4}},"60":{"start":{"line":103,"column":2},"end":{"line":108,"column":3}},"61":{"start":{"line":104,"column":4},"end":{"line":104,"column":28}},"62":{"start":{"line":105,"column":4},"end":{"line":105,"column":29}},"63":{"start":{"line":106,"column":4},"end":{"line":106,"column":33}},"64":{"start":{"line":107,"column":4},"end":{"line":107,"column":58}},"65":{"start":{"line":109,"column":2},"end":{"line":109,"column":37}},"66":{"start":{"line":110,"column":2},"end":{"line":110,"column":46}},"67":{"start":{"line":111,"column":2},"end":{"line":111,"column":27}},"68":{"start":{"line":113,"column":2},"end":{"line":113,"column":29}},"69":{"start":{"line":115,"column":2},"end":{"line":126,"column":4}},"70":{"start":{"line":128,"column":2},"end":{"line":147,"column":3}},"71":{"start":{"line":129,"column":4},"end":{"line":129,"column":30}},"72":{"start":{"line":130,"column":9},"end":{"line":147,"column":3}},"73":{"start":{"line":131,"column":4},"end":{"line":131,"column":25}},"74":{"start":{"line":132,"column":9},"end":{"line":147,"column":3}},"75":{"start":{"line":133,"column":4},"end":{"line":133,"column":20}},"76":{"start":{"line":134,"column":4},"end":{"line":136,"column":5}},"77":{"start":{"line":135,"column":6},"end":{"line":135,"column":28}},"78":{"start":{"line":137,"column":4},"end":{"line":139,"column":5}},"79":{"start":{"line":138,"column":6},"end":{"line":138,"column":38}},"80":{"start":{"line":140,"column":4},"end":{"line":140,"column":32}},"81":{"start":{"line":141,"column":4},"end":{"line":143,"column":5}},"82":{"start":{"line":142,"column":6},"end":{"line":142,"column":68}},"83":{"start":{"line":144,"column":4},"end":{"line":144,"column":41}},"84":{"start":{"line":146,"column":4},"end":{"line":146,"column":28}},"85":{"start":{"line":149,"column":2},"end":{"line":151,"column":5}},"86":{"start":{"line":150,"column":4},"end":{"line":150,"column":17}},"87":{"start":{"line":153,"column":2},"end":{"line":153,"column":37}},"88":{"start":{"line":155,"column":2},"end":{"line":159,"column":3}},"89":{"start":{"line":156,"column":4},"end":{"line":158,"column":7}},"90":{"start":{"line":157,"column":6},"end":{"line":157,"column":20}},"91":{"start":{"line":160,"column":2},"end":{"line":168,"column":3}},"92":{"start":{"line":161,"column":4},"end":{"line":167,"column":7}},"93":{"start":{"line":162,"column":6},"end":{"line":166,"column":7}},"94":{"start":{"line":163,"column":8},"end":{"line":163,"column":24}},"95":{"start":{"line":165,"column":8},"end":{"line":165,"column":33}},"96":{"start":{"line":169,"column":2},"end":{"line":177,"column":3}},"97":{"start":{"line":170,"column":4},"end":{"line":176,"column":7}},"98":{"start":{"line":171,"column":6},"end":{"line":175,"column":7}},"99":{"start":{"line":172,"column":8},"end":{"line":172,"column":27}},"100":{"start":{"line":174,"column":8},"end":{"line":174,"column":36}},"101":{"start":{"line":178,"column":2},"end":{"line":186,"column":3}},"102":{"start":{"line":179,"column":4},"end":{"line":185,"column":7}},"103":{"start":{"line":180,"column":6},"end":{"line":184,"column":9}},"104":{"start":{"line":188,"column":2},"end":{"line":191,"column":3}},"105":{"start":{"line":189,"column":4},"end":{"line":189,"column":26}},"106":{"start":{"line":190,"column":4},"end":{"line":190,"column":20}},"107":{"start":{"line":193,"column":2},"end":{"line":193,"column":23}},"108":{"start":{"line":194,"column":2},"end":{"line":197,"column":5}},"109":{"start":{"line":195,"column":4},"end":{"line":195,"column":27}},"110":{"start":{"line":196,"column":4},"end":{"line":196,"column":26}},"111":{"start":{"line":199,"column":2},"end":{"line":243,"column":3}},"112":{"start":{"line":200,"column":4},"end":{"line":200,"column":24}},"113":{"start":{"line":201,"column":4},"end":{"line":201,"column":25}},"114":{"start":{"line":202,"column":4},"end":{"line":202,"column":23}},"115":{"start":{"line":204,"column":4},"end":{"line":211,"column":6}},"116":{"start":{"line":205,"column":6},"end":{"line":210,"column":7}},"117":{"start":{"line":206,"column":8},"end":{"line":206,"column":24}},"118":{"start":{"line":207,"column":8},"end":{"line":207,"column":19}},"119":{"start":{"line":209,"column":8},"end":{"line":209,"column":22}},"120":{"start":{"line":212,"column":4},"end":{"line":212,"column":27}},"121":{"start":{"line":213,"column":4},"end":{"line":223,"column":7}},"122":{"start":{"line":214,"column":6},"end":{"line":220,"column":7}},"123":{"start":{"line":215,"column":8},"end":{"line":215,"column":25}},"124":{"start":{"line":216,"column":8},"end":{"line":219,"column":9}},"125":{"start":{"line":217,"column":10},"end":{"line":217,"column":25}},"126":{"start":{"line":218,"column":10},"end":{"line":218,"column":31}},"127":{"start":{"line":221,"column":6},"end":{"line":221,"column":28}},"128":{"start":{"line":222,"column":6},"end":{"line":222,"column":26}},"129":{"start":{"line":225,"column":4},"end":{"line":230,"column":7}},"130":{"start":{"line":226,"column":6},"end":{"line":226,"column":16}},"131":{"start":{"line":227,"column":6},"end":{"line":229,"column":13}},"132":{"start":{"line":228,"column":8},"end":{"line":228,"column":24}},"133":{"start":{"line":233,"column":4},"end":{"line":242,"column":5}},"134":{"start":{"line":234,"column":6},"end":{"line":234,"column":41}},"135":{"start":{"line":235,"column":6},"end":{"line":238,"column":9}},"136":{"start":{"line":239,"column":6},"end":{"line":241,"column":9}},"137":{"start":{"line":240,"column":8},"end":{"line":240,"column":31}},"138":{"start":{"line":245,"column":2},"end":{"line":245,"column":11}}},"branchMap":{"1":{"line":26,"type":"if","locations":[{"start":{"line":26,"column":2},"end":{"line":26,"column":2}},{"start":{"line":26,"column":2},"end":{"line":26,"column":2}}]},"2":{"line":28,"type":"if","locations":[{"start":{"line":28,"column":9},"end":{"line":28,"column":9}},{"start":{"line":28,"column":9},"end":{"line":28,"column":9}}]},"3":{"line":32,"type":"if","locations":[{"start":{"line":32,"column":2},"end":{"line":32,"column":2}},{"start":{"line":32,"column":2},"end":{"line":32,"column":2}}]},"4":{"line":35,"type":"if","locations":[{"start":{"line":35,"column":2},"end":{"line":35,"column":2}},{"start":{"line":35,"column":2},"end":{"line":35,"column":2}}]},"5":{"line":38,"type":"if","locations":[{"start":{"line":38,"column":2},"end":{"line":38,"column":2}},{"start":{"line":38,"column":2},"end":{"line":38,"column":2}}]},"6":{"line":39,"type":"if","locations":[{"start":{"line":39,"column":4},"end":{"line":39,"column":4}},{"start":{"line":39,"column":4},"end":{"line":39,"column":4}}]},"7":{"line":43,"type":"if","locations":[{"start":{"line":43,"column":6},"end":{"line":43,"column":6}},{"start":{"line":43,"column":6},"end":{"line":43,"column":6}}]},"8":{"line":52,"type":"if","locations":[{"start":{"line":52,"column":4},"end":{"line":52,"column":4}},{"start":{"line":52,"column":4},"end":{"line":52,"column":4}}]},"9":{"line":57,"type":"if","locations":[{"start":{"line":57,"column":2},"end":{"line":57,"column":2}},{"start":{"line":57,"column":2},"end":{"line":57,"column":2}}]},"10":{"line":58,"type":"if","locations":[{"start":{"line":58,"column":4},"end":{"line":58,"column":4}},{"start":{"line":58,"column":4},"end":{"line":58,"column":4}}]},"11":{"line":62,"type":"if","locations":[{"start":{"line":62,"column":4},"end":{"line":62,"column":4}},{"start":{"line":62,"column":4},"end":{"line":62,"column":4}}]},"12":{"line":68,"type":"if","locations":[{"start":{"line":68,"column":2},"end":{"line":68,"column":2}},{"start":{"line":68,"column":2},"end":{"line":68,"column":2}}]},"13":{"line":68,"type":"binary-expr","locations":[{"start":{"line":68,"column":6},"end":{"line":68,"column":17}},{"start":{"line":68,"column":21},"end":{"line":68,"column":36}}]},"14":{"line":73,"type":"if","locations":[{"start":{"line":73,"column":2},"end":{"line":73,"column":2}},{"start":{"line":73,"column":2},"end":{"line":73,"column":2}}]},"15":{"line":73,"type":"binary-expr","locations":[{"start":{"line":73,"column":6},"end":{"line":73,"column":17}},{"start":{"line":73,"column":21},"end":{"line":73,"column":31}}]},"16":{"line":81,"type":"if","locations":[{"start":{"line":81,"column":4},"end":{"line":81,"column":4}},{"start":{"line":81,"column":4},"end":{"line":81,"column":4}}]},"17":{"line":84,"type":"binary-expr","locations":[{"start":{"line":84,"column":57},"end":{"line":84,"column":66}},{"start":{"line":84,"column":70},"end":{"line":84,"column":72}}]},"18":{"line":87,"type":"if","locations":[{"start":{"line":87,"column":2},"end":{"line":87,"column":2}},{"start":{"line":87,"column":2},"end":{"line":87,"column":2}}]},"19":{"line":103,"type":"if","locations":[{"start":{"line":103,"column":2},"end":{"line":103,"column":2}},{"start":{"line":103,"column":2},"end":{"line":103,"column":2}}]},"20":{"line":128,"type":"if","locations":[{"start":{"line":128,"column":2},"end":{"line":128,"column":2}},{"start":{"line":128,"column":2},"end":{"line":128,"column":2}}]},"21":{"line":130,"type":"if","locations":[{"start":{"line":130,"column":9},"end":{"line":130,"column":9}},{"start":{"line":130,"column":9},"end":{"line":130,"column":9}}]},"22":{"line":132,"type":"if","locations":[{"start":{"line":132,"column":9},"end":{"line":132,"column":9}},{"start":{"line":132,"column":9},"end":{"line":132,"column":9}}]},"23":{"line":134,"type":"if","locations":[{"start":{"line":134,"column":4},"end":{"line":134,"column":4}},{"start":{"line":134,"column":4},"end":{"line":134,"column":4}}]},"24":{"line":137,"type":"if","locations":[{"start":{"line":137,"column":4},"end":{"line":137,"column":4}},{"start":{"line":137,"column":4},"end":{"line":137,"column":4}}]},"25":{"line":141,"type":"if","locations":[{"start":{"line":141,"column":4},"end":{"line":141,"column":4}},{"start":{"line":141,"column":4},"end":{"line":141,"column":4}}]},"26":{"line":155,"type":"if","locations":[{"start":{"line":155,"column":2},"end":{"line":155,"column":2}},{"start":{"line":155,"column":2},"end":{"line":155,"column":2}}]},"27":{"line":160,"type":"if","locations":[{"start":{"line":160,"column":2},"end":{"line":160,"column":2}},{"start":{"line":160,"column":2},"end":{"line":160,"column":2}}]},"28":{"line":162,"type":"if","locations":[{"start":{"line":162,"column":6},"end":{"line":162,"column":6}},{"start":{"line":162,"column":6},"end":{"line":162,"column":6}}]},"29":{"line":169,"type":"if","locations":[{"start":{"line":169,"column":2},"end":{"line":169,"column":2}},{"start":{"line":169,"column":2},"end":{"line":169,"column":2}}]},"30":{"line":171,"type":"if","locations":[{"start":{"line":171,"column":6},"end":{"line":171,"column":6}},{"start":{"line":171,"column":6},"end":{"line":171,"column":6}}]},"31":{"line":178,"type":"if","locations":[{"start":{"line":178,"column":2},"end":{"line":178,"column":2}},{"start":{"line":178,"column":2},"end":{"line":178,"column":2}}]},"32":{"line":188,"type":"if","locations":[{"start":{"line":188,"column":2},"end":{"line":188,"column":2}},{"start":{"line":188,"column":2},"end":{"line":188,"column":2}}]},"33":{"line":199,"type":"if","locations":[{"start":{"line":199,"column":2},"end":{"line":199,"column":2}},{"start":{"line":199,"column":2},"end":{"line":199,"column":2}}]},"34":{"line":205,"type":"if","locations":[{"start":{"line":205,"column":6},"end":{"line":205,"column":6}},{"start":{"line":205,"column":6},"end":{"line":205,"column":6}}]},"35":{"line":216,"type":"if","locations":[{"start":{"line":216,"column":8},"end":{"line":216,"column":8}},{"start":{"line":216,"column":8},"end":{"line":216,"column":8}}]},"36":{"line":233,"type":"if","locations":[{"start":{"line":233,"column":4},"end":{"line":233,"column":4}},{"start":{"line":233,"column":4},"end":{"line":233,"column":4}}]}},"code":["/*"," * mochify.js"," *"," * Copyright (c) 2014 Maximilian Antoni <mail@maxantoni.de>"," *"," * @license MIT"," */","'use strict';","","var browserify = require('browserify');","var watchify   = require('watchify');","var coverify   = require('coverify');","var glob       = require('glob');","var mocaccino  = require('mocaccino');","var webdriver  = require('min-wd');","var resolve    = require('resolve');","var cover      = require('./cover');","var node       = require('./node');","var phantom    = require('./phantom');","var consolify  = require('./consolify');","var trace      = require('./trace');","var args       = require('./args');","","","module.exports = function (_, opts) {","  if (_ === null) {","    _ = './test/*.js';","  } else if (typeof _ !== 'string') {","    opts = _;","    _ = './test/*.js';","  }","  if (!opts) {","    opts = {};","  }","  if (!opts.output) {","    opts.output = process.stdout;","  }","  if (opts.recursive) {","    if (!_) {","      _ = './test/**/*.js';","    } else {","      var p = _.indexOf('*');","      if (p === -1) {","        _ += '/**/*.js';","      } else {","        _ = _.substring(0, p) + '**/' + _.substring(p);","      }","    }","  }","","  Object.keys(args.defaults).forEach(function (key) {","    if (!opts.hasOwnProperty(key)) {","      opts[key] = args.defaults[key];","    }","  });","","  if (opts.debug) {","    if (opts.node) {","      console.log('--debug does not work with --node\\n');","      process.exit(1);","    }","    if (opts.wd) {","      console.log('--debug does not work with --wd\\n');","      process.exit(1);","    }","  }","","  if (opts.bundle && !opts.consolify) {","    console.log('--bundle must be used with --consolify option\\n');","    process.exit(1);","  }","","  if (opts.invert && !opts.grep) {","    console.log('--invert must be used with --grep option\\n');","    process.exit(1);","  }","","  var entries = [];","  var globs = _.split(' ');","  globs.forEach(function (arg) {","    if (arg.indexOf('*') === -1) {","      entries.push(arg);","    } else {","      Array.prototype.push.apply(entries, glob.sync(arg, opts.glob || {}));","    }","  });","  if (!entries.length) {","    console.error('Error: Nothing found for \"' + globs.join('\" or \"') + '\".\\n');","    process.exit(1);","  }","","  function error(err) {","    console.error(String(err) + '\\n');","    process.exitCode = 1;","  }","","  var brOpts = {","    debug        : true,","    cache        : {},","    packageCache : {}","  };","","  if (opts.node) {","    brOpts.builtins = false;","    brOpts.commondir = false;","    brOpts.detectGlobals = false;","    brOpts.insertGlobalVars = ['__dirname', '__filename'];","  }","  brOpts.extensions = opts.extension;","  brOpts.browserField = opts['browser-field'];","  brOpts.paths = opts.path;","","  var b = browserify(brOpts);","","  var mocaccinoOpts = {","    reporter        : opts.reporter,","    reporterOptions : opts.reporterOptions,","    ui              : opts.ui,","    node            : opts.node,","    yields          : opts.yields,","    timeout         : opts.timeout,","    grep            : opts.grep,","    invert          : opts.invert,","    colors          : opts.colors,","    noColors        : opts.noColors","  };","","  if (opts.consolify) {","    b.plugin(consolify, opts);","  } else if (opts.node) {","    b.plugin(node, opts);","  } else if (opts.wd) {","    var wdOpts = {};","    if (opts.url) {","      wdOpts.url = opts.url;","    }","    if (opts['wd-file']) {","      wdOpts.wdFile = opts['wd-file'];","    }","    b.plugin(webdriver, wdOpts);","    if (process.stdout.getWindowSize) {","      mocaccinoOpts.windowWidth = process.stdout.getWindowSize()[0];","    }","    b.pipeline.get('wrap').push(trace());","  } else {","    b.plugin(phantom, opts);","  }","","  entries.forEach(function (entry) {","    b.add(entry);","  });","","  b.plugin(mocaccino, mocaccinoOpts);","","  if (opts.external) {","    [].concat(opts.external).forEach(function (x) {","      b.external(x);","    });","  }","  if (opts.plugin) {","    [].concat(opts.plugin).forEach(function (p) {","      if (typeof p === 'string') {","        b.plugin(p, {});","      } else {","        b.plugin(p._.shift(), p);","      }","    });","  }","  if (opts.transform) {","    [].concat(opts.transform).forEach(function (t) {","      if (typeof t === 'string') {","        b.transform({}, t);","      } else {","        b.transform(t, t._.shift());","      }","    });","  }","  if (opts.require) {","    [].concat(opts.require).forEach(function (r) {","      b.require(resolve.sync(r, {","        basedir: process.cwd()","      }), {","        expose: r","      });","    });","  }","","  if (opts.cover) {","    b.transform(coverify);","    b.plugin(cover);","  }","","  b.on('error', error);","  b.on('bundle', function (out) {","    out.on('error', error);","    out.pipe(opts.output);","  });","","  if (opts.watch) {","    var w = watchify(b);","    var bundling = false;","    var queued = false;","","    var bundle = function () {","      if (!bundling) {","        bundling = true;","        b.bundle();","      } else {","        queued = true;","      }","    };","    w.on('update', bundle);","    b.on('bundle', function (out) {","      function next() {","        bundling = false;","        if (queued) {","          queued = false;","          setImmediate(bundle);","        }","      }","      out.on('error', next);","      out.on('end', next);","    });","","    process.on('SIGINT', function () {","      w.close();","      setTimeout(function () {","        process.exit(0);","      }, 50);","    });","","    // Hack for Windows:","    if (require('os').platform() === 'win32') {","      var readline = require('readline');","      var rl = readline.createInterface({","        input  : process.stdin,","        output : process.stdout","      });","      rl.on('SIGINT', function () {","        process.emit('SIGINT');","      });","    }","  }","","  return b;","};",""],"l":{"10":1,"11":1,"12":1,"13":1,"14":1,"15":1,"16":1,"17":1,"18":1,"19":1,"20":1,"21":1,"22":1,"25":1,"26":0,"27":0,"28":0,"29":0,"30":0,"32":0,"33":0,"35":0,"36":0,"38":0,"39":0,"40":0,"42":0,"43":0,"44":0,"46":0,"51":0,"52":0,"53":0,"57":0,"58":0,"59":0,"60":0,"62":0,"63":0,"64":0,"68":0,"69":0,"70":0,"73":0,"74":0,"75":0,"78":0,"79":0,"80":0,"81":0,"82":0,"84":0,"87":0,"88":0,"89":0,"92":1,"93":0,"94":0,"97":0,"103":0,"104":0,"105":0,"106":0,"107":0,"109":0,"110":0,"111":0,"113":0,"115":0,"128":0,"129":0,"130":0,"131":0,"132":0,"133":0,"134":0,"135":0,"137":0,"138":0,"140":0,"141":0,"142":0,"144":0,"146":0,"149":0,"150":0,"153":0,"155":0,"156":0,"157":0,"160":0,"161":0,"162":0,"163":0,"165":0,"169":0,"170":0,"171":0,"172":0,"174":0,"178":0,"179":0,"180":0,"188":0,"189":0,"190":0,"193":0,"194":0,"195":0,"196":0,"199":0,"200":0,"201":0,"202":0,"204":0,"205":0,"206":0,"207":0,"209":0,"212":0,"213":0,"214":1,"215":0,"216":0,"217":0,"218":0,"221":0,"222":0,"225":0,"226":0,"227":0,"228":0,"233":0,"234":0,"235":0,"239":0,"240":0,"245":0}},"/home/travis/build/npmtest/node-npmtest-mochify/node_modules/mochify/lib/cover.js":{"path":"/home/travis/build/npmtest/node-npmtest-mochify/node_modules/mochify/lib/cover.js","s":{"1":1,"2":1,"3":1,"4":1,"5":0,"6":0,"7":0,"8":0,"9":0,"10":0,"11":0,"12":0,"13":0,"14":0,"15":0,"16":0,"17":0,"18":0,"19":0,"20":0,"21":0,"22":0,"23":0,"24":0,"25":0,"26":0,"27":0,"28":0,"29":0,"30":1,"31":1,"32":1,"33":1,"34":0,"35":0,"36":0,"37":0,"38":0,"39":0,"40":0,"41":0,"42":0,"43":0,"44":0,"45":0},"b":{"1":[0,0],"2":[0,0],"3":[0,0],"4":[0,0],"5":[0,0],"6":[0,0],"7":[0,0]},"f":{"1":0,"2":0,"3":0,"4":1,"5":0,"6":0,"7":0},"fnMap":{"1":{"name":"coverifySplit","line":15,"loc":{"start":{"line":15,"column":0},"end":{"line":15,"column":35}}},"2":{"name":"(anonymous_2)","line":17,"loc":{"start":{"line":17,"column":17},"end":{"line":17,"column":45}}},"3":{"name":"(anonymous_3)","line":42,"loc":{"start":{"line":42,"column":5},"end":{"line":42,"column":21}}},"4":{"name":"(anonymous_4)","line":53,"loc":{"start":{"line":53,"column":17},"end":{"line":53,"column":32}}},"5":{"name":"(anonymous_5)","line":58,"loc":{"start":{"line":58,"column":17},"end":{"line":58,"column":30}}},"6":{"name":"apply","line":60,"loc":{"start":{"line":60,"column":2},"end":{"line":60,"column":19}}},"7":{"name":"(anonymous_7)","line":68,"loc":{"start":{"line":68,"column":17},"end":{"line":68,"column":33}}}},"statementMap":{"1":{"start":{"line":10,"column":0},"end":{"line":10,"column":34}},"2":{"start":{"line":11,"column":0},"end":{"line":11,"column":33}},"3":{"start":{"line":12,"column":0},"end":{"line":12,"column":45}},"4":{"start":{"line":15,"column":0},"end":{"line":49,"column":1}},"5":{"start":{"line":16,"column":2},"end":{"line":16,"column":15}},"6":{"start":{"line":17,"column":2},"end":{"line":48,"column":5}},"7":{"start":{"line":18,"column":4},"end":{"line":18,"column":18}},"8":{"start":{"line":19,"column":4},"end":{"line":19,"column":17}},"9":{"start":{"line":20,"column":4},"end":{"line":37,"column":5}},"10":{"start":{"line":21,"column":6},"end":{"line":21,"column":31}},"11":{"start":{"line":22,"column":6},"end":{"line":26,"column":7}},"12":{"start":{"line":23,"column":8},"end":{"line":23,"column":46}},"13":{"start":{"line":24,"column":8},"end":{"line":24,"column":44}},"14":{"start":{"line":25,"column":8},"end":{"line":25,"column":14}},"15":{"start":{"line":27,"column":6},"end":{"line":30,"column":7}},"16":{"start":{"line":28,"column":8},"end":{"line":28,"column":33}},"17":{"start":{"line":29,"column":8},"end":{"line":29,"column":31}},"18":{"start":{"line":31,"column":6},"end":{"line":31,"column":28}},"19":{"start":{"line":32,"column":6},"end":{"line":34,"column":7}},"20":{"start":{"line":33,"column":8},"end":{"line":33,"column":14}},"21":{"start":{"line":35,"column":6},"end":{"line":35,"column":48}},"22":{"start":{"line":36,"column":6},"end":{"line":36,"column":33}},"23":{"start":{"line":38,"column":4},"end":{"line":40,"column":5}},"24":{"start":{"line":39,"column":6},"end":{"line":39,"column":19}},"25":{"start":{"line":41,"column":4},"end":{"line":41,"column":11}},"26":{"start":{"line":43,"column":4},"end":{"line":45,"column":5}},"27":{"start":{"line":44,"column":6},"end":{"line":44,"column":21}},"28":{"start":{"line":46,"column":4},"end":{"line":46,"column":21}},"29":{"start":{"line":47,"column":4},"end":{"line":47,"column":11}},"30":{"start":{"line":51,"column":0},"end":{"line":56,"column":3}},"31":{"start":{"line":54,"column":4},"end":{"line":54,"column":39}},"32":{"start":{"line":58,"column":0},"end":{"line":79,"column":2}},"33":{"start":{"line":60,"column":2},"end":{"line":74,"column":3}},"34":{"start":{"line":61,"column":4},"end":{"line":61,"column":26}},"35":{"start":{"line":62,"column":4},"end":{"line":64,"column":5}},"36":{"start":{"line":63,"column":6},"end":{"line":63,"column":24}},"37":{"start":{"line":65,"column":4},"end":{"line":65,"column":29}},"38":{"start":{"line":66,"column":4},"end":{"line":66,"column":34}},"39":{"start":{"line":67,"column":4},"end":{"line":67,"column":34}},"40":{"start":{"line":68,"column":4},"end":{"line":72,"column":7}},"41":{"start":{"line":69,"column":6},"end":{"line":71,"column":7}},"42":{"start":{"line":70,"column":8},"end":{"line":70,"column":51}},"43":{"start":{"line":73,"column":4},"end":{"line":73,"column":56}},"44":{"start":{"line":76,"column":2},"end":{"line":76,"column":10}},"45":{"start":{"line":77,"column":2},"end":{"line":77,"column":23}}},"branchMap":{"1":{"line":22,"type":"if","locations":[{"start":{"line":22,"column":6},"end":{"line":22,"column":6}},{"start":{"line":22,"column":6},"end":{"line":22,"column":6}}]},"2":{"line":27
[...]
,"locations":[{"start":{"line":58,"column":6},"end":{"line":58,"column":6}},{"start":{"line":58,"column":6},"end":{"line":58,"column":6}}]},"3":{"line":61,"type":"if","locations":[{"start":{"line":61,"column":6},"end":{"line":61,"column":6}},{"start":{"line":61,"column":6},"end":{"line":61,"column":6}}]},"4":{"line":65,"type":"if","locations":[{"start":{"line":65,"column":8},"end":{"line":65,"column":8}},{"start":{"line":65,"column":8},"end":{"line":65,"column":8}}]},"5":{"line":78,"type":"if","locations":[{"start":{"line":78,"column":6},"end":{"line":78,"column":6}},{"start":{"line":78,"column":6},"end":{"line":78,"column":6}}]},"6":{"line":83,"type":"if","locations":[{"start":{"line":83,"column":6},"end":{"line":83,"column":6}},{"start":{"line":83,"column":6},"end":{"line":83,"column":6}}]},"7":{"line":87,"type":"if","locations":[{"start":{"line":87,"column":6},"end":{"line":87,"column":6}},{"start":{"line":87,"column":6},"end":{"line":87,"column":6}}]},"8":{"line":99,"type":"if","locations":[{"start":{"line":99,"column":6},"end":{"line":99,"column":6}},{"start":{"line":99,"column":6},"end":{"line":99,"column":6}}]},"9":{"line":102,"type":"if","locations":[{"start":{"line":102,"column":8},"end":{"line":102,"column":8}},{"start":{"line":102,"column":8},"end":{"line":102,"column":8}}]}},"code":["/*"," * mochify.js"," *"," * Copyright (c) 2014 Maximilian Antoni <mail@maxantoni.de>"," *"," * @license MIT"," */","'use strict';","","var through   = require('through2');","var phantomic = require('phantomic');","var trace     = require('./trace');","var which     = require('which');","","module.exports = function (b, opts) {","","  var done;","  var input;","  var output;","","  /**","   * Finds global or local PhantomJS installation and uses its executable","   * filepath.","   * Overridden by opts.phantomjs.","   * @returns {(string|undefined)} Path to PhantomJS executable, if present","   */","  function findPhantomJS() {","    var filepath;","","    if (opts.phantomjs) {","      return opts.phantomjs;","    }","","    try {","      filepath = which.sync('phantomjs');","    } catch (e) {","      // ignored","      try {","        filepath = require.resolve('phantomjs/bin/phantomjs');","      } catch (ignore) {","        // ignored","      }","    }","    return filepath;","  }","","  function launch() {","    var phantomPath = findPhantomJS();","    input  = through();","    output = phantomic(input, {","      debug          : opts.debug,","      port           : opts.port,","      brout          : true,","      phantomjs      : phantomPath,","      'web-security' : opts['web-security'],","      'ignore-ssl-errors': opts['ignore-ssl-errors']","    }, function (code) {","      if (code) {","        b.emit('error', new Error('Exit ' + code));","      }","      if (done) {","        done();","        done = null;","        output = null;","        if (opts.watch) {","          launch();","        }","      }","    });","  }","","  launch();","","  function apply() {","    var wrap = b.pipeline.get('wrap');","","    wrap.push(through(function (chunk, enc, next) {","      if (input) {","        input.write(chunk);","      }","      next();","    }, function (next) {","      if (opts.reporter !== 'xunit') {","        opts.output.write('# phantomjs:\\n');","      }","      done = next;","      if (input) {","        input.end();","      }","    }));","","    wrap.push(output.pipe(trace()));","  }","","  apply();","  b.on('reset', apply);","  b.on('bundle', function (bundle) {","    bundle.on('error', function () {","      if (input) {","        input.end();","        input = null;","        if (opts.watch) {","          launch();","        }","      }","    });","  });","","};",""],"l":{"10":1,"11":1,"12":1,"13":1,"15":1,"17":0,"18":0,"19":0,"27":1,"28":0,"30":0,"31":0,"34":0,"35":0,"38":0,"39":0,"44":0,"47":1,"48":0,"49":0,"50":0,"58":0,"59":0,"61":0,"62":0,"63":0,"64":0,"65":0,"66":0,"72":0,"74":1,"75":0,"77":0,"78":0,"79":0,"81":0,"83":0,"84":0,"86":0,"87":0,"88":0,"92":0,"95":0,"96":0,"97":0,"98":0,"99":0,"100":0,"101":0,"102":0,"103":0}},"/home/travis/build/npmtest/node-npmtest-mochify/node_modules/mochify/lib/consolify.js":{"path":"/home/travis/build/npmtest/node-npmtest-mochify/node_modules/mochify/lib/consolify.js","s":{"1":1,"2":1,"3":1,"4":1,"5":0,"6":1,"7":0,"8":0,"9":0,"10":0,"11":0,"12":0,"13":0,"14":0,"15":0,"16":0},"b":{"1":[0,0]},"f":{"1":0,"2":0,"3":0,"4":0},"fnMap":{"1":{"name":"(anonymous_1)","line":14,"loc":{"start":{"line":14,"column":17},"end":{"line":14,"column":36}}},"2":{"name":"apply","line":19,"loc":{"start":{"line":19,"column":2},"end":{"line":19,"column":19}}},"3":{"name":"(anonymous_3)","line":21,"loc":{"start":{"line":21,"column":40},"end":{"line":21,"column":68}}},"4":{"name":"(anonymous_4)","line":24,"loc":{"start":{"line":24,"column":7},"end":{"line":24,"column":23}}}},"statementMap":{"1":{"start":{"line":10,"column":0},"end":{"line":10,"column":30}},"2":{"start":{"line":11,"column":0},"end":{"line":11,"column":36}},"3":{"start":{"line":12,"column":0},"end":{"line":12,"column":37}},"4":{"start":{"line":14,"column":0},"end":{"line":36,"column":2}},"5":{"start":{"line":15,"column":2},"end":{"line":17,"column":5}},"6":{"start":{"line":19,"column":2},"end":{"line":32,"column":3}},"7":{"start":{"line":20,"column":4},"end":{"line":20,"column":18}},"8":{"start":{"line":21,"column":4},"end":{"line":31,"column":8}},"9":{"start":{"line":22,"column":6},"end":{"line":22,"column":20}},"10":{"start":{"line":23,"column":6},"end":{"line":23,"column":13}},"11":{"start":{"line":26,"column":6},"end":{"line":26,"column":45}},"12":{"start":{"line":27,"column":6},"end":{"line":29,"column":7}},"13":{"start":{"line":28,"column":8},"end":{"line":28,"column":51}},"14":{"start":{"line":30,"column":6},"end":{"line":30,"column":13}},"15":{"start":{"line":34,"column":2},"end":{"line":34,"column":10}},"16":{"start":{"line":35,"column":2},"end":{"line":35,"column":23}}},"branchMap":{"1":{"line":27,"type":"if","locations":[{"start":{"line":27,"column":6},"end":{"line":27,"column":6}},{"start":{"line":27,"column":6},"end":{"line":27,"column":6}}]}},"code":["/*"," * mochify.js"," *"," * Copyright (c) 2014 Maximilian Antoni <mail@maxantoni.de>"," *"," * @license MIT"," */","'use strict';","","var fs        = require('fs');","var through   = require('through2');","var consolify = require('consolify');","","module.exports = function (b, opts) {","  consolify(b, {","    bundle: opts.bundle","  });","","  function apply() {","    var file = '';","    b.pipeline.get('wrap').push(through(function (chunk, enc, next) {","      file += chunk;","      next();","    }, function (next) {","      /*eslint no-sync: 0*/","      fs.writeFileSync(opts.consolify, file);","      if (opts.watch) {","        console.log('Generated ' + opts.consolify);","      }","      next();","    }));","  }","","  apply();","  b.on('reset', apply);","};",""],"l":{"10":1,"11":1,"12":1,"14":1,"15":0,"19":1,"20":0,"21":0,"22":0,"23":0,"26":0,"27":0,"28":0,"30":0,"34":0,"35":0}},"/home/travis/build/npmtest/node-npmtest-mochify/node_modules/mochify/lib/args.js":{"path":"/home/travis/build/npmtest/node-npmtest-mochify/node_modules/mochify/lib/args.js","s":{"1":1,"2":1,"3":1,"4":0,"5":0,"6":0,"7":0,"8":0,"9":0,"10":0,"11":0,"12":0,"13":0,"14":0,"15":0,"16":0,"17":0,"18":0,"19":0,"20":0,"21":1,"22":1},"b":{"1":[0,0],"2":[0,0],"3":[0,0],"4":[0,0],"5":[0,0]},"f":{"1":0,"2":0,"3":0},"fnMap":{"1":{"name":"args","line":28,"loc":{"start":{"line":28,"column":0},"end":{"line":28,"column":20}}},"2":{"name":"(anonymous_2)","line":48,"loc":{"start":{"line":48,"column":13},"end":{"line":48,"column":28}}},"3":{"name":"(anonymous_3)","line":67,"loc":{"start":{"line":67,"column":40},"end":{"line":67,"column":56}}}},"statementMap":{"1":{"start":{"line":10,"column":0},"end":{"line":10,"column":31}},"2":{"start":{"line":12,"column":0},"end":{"line":26,"column":2}},"3":{"start":{"line":28,"column":0},"end":{"line":78,"column":1}},"4":{"start":{"line":29,"column":2},"end":{"line":55,"column":5}},"5":{"start":{"line":49,"column":6},"end":{"line":53,"column":7}},"6":{"start":{"line":50,"column":8},"end":{"line":50,"column":48}},"7":{"start":{"line":51,"column":8},"end":{"line":51,"column":57}},"8":{"start":{"line":52,"column":8},"end":{"line":52,"column":24}},"9":{"start":{"line":57,"column":2},"end":{"line":61,"column":3}},"10":{"start":{"line":59,"column":4},"end":{"line":59,"column":77}},"11":{"start":{"line":60,"column":4},"end":{"line":60,"column":20}},"12":{"start":{"line":62,"column":2},"end":{"line":65,"column":3}},"13":{"start":{"line":63,"column":4},"end":{"line":63,"column":52}},"14":{"start":{"line":64,"column":4},"end":{"line":64,"column":20}},"15":{"start":{"line":67,"column":2},"end":{"line":71,"column":5}},"16":{"start":{"line":68,"column":4},"end":{"line":70,"column":5}},"17":{"start":{"line":69,"column":6},"end":{"line":69,"column":44}},"18":{"start":{"line":73,"column":2},"end":{"line":75,"column":3}},"19":{"start":{"line":74,"column":4},"end":{"line":74,"column":59}},"20":{"start":{"line":77,"column":2},"end":{"line":77,"column":14}},"21":{"start":{"line":80,"column":0},"end":{"line":80,"column":25}},"22":{"start":{"line":82,"column":0},"end":{"line":82,"column":22}}},"branchMap":{"1":{"line":49,"type":"if","locations":[{"start":{"line":49,"column":6},"end":{"line":49,"column":6}},{"start":{"line":49,"column":6},"end":{"line":49,"column":6}}]},"2":{"line":57,"type":"if","locations":[{"start":{"line":57,"column":2},"end":{"line":57,"column":2}},{"start":{"line":57,"column":2},"end":{"line":57,"column":2}}]},"3":{"line":62,"type":"if","locations":[{"start":{"line":62,"column":2},"end":{"line":62,"column":2}},{"start":{"line":62,"column":2},"end":{"line":62,"column":2}}]},"4":{"line":68,"type":"if","locations":[{"start":{"line":68,"column":4},"end":{"line":68,"column":4}},{"start":{"line":68,"column":4},"end":{"line":68,"column":4}}]},"5":{"line":73,"type":"if","locations":[{"start":{"line":73,"column":2},"end":{"line":73,"column":2}},{"start":{"line":73,"column":2},"end":{"line":73,"column":2}}]}},"code":["/*"," * mochify.js"," *"," * Copyright (c) 2014 Maximilian Antoni <mail@maxantoni.de>"," *"," * @license MIT"," */","'use strict';","","var subarg = require('subarg');","","var defaults = {","  watch     : false,","  cover     : false,","  node      : false,","  debug     : false,","  wd        : false,","  recursive : false,","  'ignore-ssl-errors': false,","  'browser-field': true,","  reporter  : 'spec',","  timeout   : '2000',","  port      : '0',","  yields    : '0',","  colors    : null","};","","function args(argv) {","  var opts = subarg(argv, {","    string     : ['reporter', 'ui', 'phantomjs', 'consolify', 'timeout',","                  'port', 'yields', 'transform', 'plugin', 'grep', 'url',","                  'require', 'extension', 'web-security', 'bundle',","                  'wd-file', 'path', 'external'],","    boolean    : ['help', 'version', 'watch', 'cover', 'node', 'wd',","                  'debug', 'invert', 'recursive', 'colors',","                  'ignore-ssl-errors', 'browser-field'],","    alias      : {","      help     : 'h',","      version  : 'v',","      watch    : 'w',","      reporter : 'R',","      ui       : 'U',","      timeout  : 't',","      yields   : 'y',","      require  : 'r'","    },","    default    : defaults,","    unknown: function (arg) {","      if (arg.indexOf('-') === 0) {","        console.log('Unknown argument: ' + arg);","        console.log('Run `mochify --help` for usage.\\n');","        process.exit(1);","      }","    }","  });","","  if (opts.help) {","    /*eslint no-sync: 0*/","    console.log(require('fs').readFileSync(__dirname + '/help.txt', 'utf8'));","    process.exit(0);","  }","  if (opts.version) {","    console.log(require('../package.json').version);","    process.exit(0);","  }","","  ['timeout', 'port', 'yields'].forEach(function (prop) {","    if (opts.hasOwnProperty(prop)) {","      opts[prop] = parseInt(opts[prop], 10);","    }","  });","","  if (opts.hasOwnProperty('web-security')) {","    opts['web-security'] = opts['web-security'] === 'true';","  }","","  return opts;","}","","args.defaults = defaults;","","module.exports = args;",""],"l":{"10":1,"12":1,"28":1,"29":0,"49":0,"50":0,"51":0,"52":0,"57":0,"59":0,"60":0,"62":0,"63":0,"64":0,"67":0,"68":0,"69":0,"73":0,"74":0,"77":0,"80":1,"82":1}},"/home/travis/build/npmtest/node-npmtest-mochify/node_modules/mochify/scripts/postinstall.js":{"path":"/home/travis/build/npmtest/node-npmtest-mochify/node_modules/mochify/scripts/postinstall.js","s":{"1":1,"2":0,"3":0,"4":0,"5":1,"6":0,"7":0,"8":0,"9":0,"10":0,"11":0,"12":0,"13":0,"14":0,"15":1,"16":0,"17":0,"18":0,"19":0,"20":0,"21":0,"22":1,"23":0,"24":0,"25":0,"26":0,"27":0,"28":0,"29":0,"30":0,"31":0,"32":1,"33":0,"34":0,"35":0,"36":0,"37":0,"38":1,"39":0},"b":{"1":[0,0],"2":[0,0],"3":[0,0],"4":[0,0],"5":[0,0],"6":[0,1]},"f":{"1":0,"2":0,"3":0,"4":0,"5":0,"6":0,"7":0,"8":0,"9":0},"fnMap":{"1":{"name":"log","line":14,"loc":{"start":{"line":14,"column":0},"end":{"line":14,"column":18}}},"2":{"name":"installPhantom","line":20,"loc":{"start":{"line":20,"column":0},"end":{"line":20,"column":34}}},"3":{"name":"(anonymous_3)","line":24,"loc":{"start":{"line":24,"column":46},"end":{"line":24,"column":61}}},"4":{"name":"whichPhantom","line":36,"loc":{"start":{"line":36,"column":0},"end":{"line":36,"column":32}}},"5":{"name":"(anonymous_5)","line":37,"loc":{"start":{"line":37,"column":32},"end":{"line":37,"column":47}}},"6":{"name":"lstatPhantom","line":47,"loc":{"start":{"line":47,"column":0},"end":{"line":47,"column":32}}},"7":{"name":"(anonymous_7)","line":52,"loc":{"start":{"line":52,"column":40},"end":{"line":52,"column":62}}},"8":{"name":"main","line":66,"loc":{"start":{"line":66,"column":0},"end":{"line":66,"column":16}}},"9":{"name":"(anonymous_9)","line":69,"loc":{"start":{"line":69,"column":15},"end":{"line":69,"column":30}}}},"statementMap":{"1":{"start":{"line":14,"column":0},"end":{"line":18,"column":1}},"2":{"start":{"line":15,"column":2},"end":{"line":15,"column":49}},"3":{"start":{"line":16,"column":2},"end":{"line":16,"column":28}},"4":{"start":{"line":17,"column":2},"end":{"line":17,"column":35}},"5":{"start":{"line":20,"column":0},"end":{"line":34,"column":1}},"6":{"start":{"line":21,"column":2},"end":{"line":21,"column":43}},"7":{"start":{"line":23,"column":2},"end":{"line":23,"column":49}},"8":{"start":{"line":24,"column":2},"end":{"line":31,"column":5}},"9":{"start":{"line":25,"column":4},"end":{"line":27,"column":5}},"10":{"start":{"line":26,"column":6},"end":{"line":26,"column":70}},"11":{"start":{"line":28,"column":4},"end":{"line":29,"column":61}},"12":{"start":{"line":30,"column":4},"end":{"line":30,"column":15}},"13":{"start":{"line":32,"column":2},"end":{"line":32,"column":38}},"14":{"start":{"line":33,"column":2},"end":{"line":33,"column":38}},"15":{"start":{"line":36,"column":0},"end":{"line":45,"column":1}},"16":{"start":{"line":37,"column":2},"end":{"line":44,"column":5}},"17":{"start":{"line":38,"column":4},"end":{"line":41,"column":5}},"18":{"start":{"line":39,"column":6},"end":{"line":39,"column":43}},"19":{"start":{"line":40,"column":6},"end":{"line":40,"column":38}},"20":{"start":{"line":42,"column":4},"end":{"line":42,"column":35}},"21":{"start":{"line":43,"column":4},"end":{"line":43,"column":15}},"22":{"start":{"line":47,"column":0},"end":{"line":64,"column":1}},"23":{"start":{"line":48,"column":2},"end":{"line":51,"column":19}},"24":{"start":{"line":52,"column":2},"end":{"line":63,"column":5}},"25":{"start":{"line":53,"column":4},"end":{"line":56,"column":5}},"26":{"start":{"line":54,"column":6},"end":{"line":54,"column":58}},"27":{"start":{"line":55,"column":6},"end":{"line":55,"column":36}},"28":{"start":{"line":57,"column":4},"end":{"line":61,"column":5}},"29":{"start":{"line":58,"column":6},"end":{"line":58,"column":48}},"30":{"start":{"line":60,"column":6},"end":{"line":60,"column":38}},"31":{"start":{"line":62,"column":4},"end":{"line":62,"column":15}},"32":{"start":{"line":66,"column":0},"end":{"line":75,"column":1}},"33":{"start":{"line":67,"column":2},"end":{"line":67,"column":27}},"34":{"start":{"line":69,"column":2},"end":{"line":74,"column":5}},"35":{"start":{"line":70,"column":4},"end":{"line":72,"column":5}},"36":{"start":{"line":71,"column":6},"end":{"line":71,"column":62}},"37":{"start":{"line":73,"column":4},"end":{"line":73,"column":37}},"38":{"start":{"line":77,"column":0},"end":{"line":79,"column":1}},"39":{"start":{"line":78,"column":2},"end":{"line":78,"column":9}}},"branchMap":{"1":{"line":25,"type":"if","locations":[{"start":{"line":25,"column":4},"end":{"line":25,"column":4}},{"start":{"line":25,"column":4},"end":{"line":25,"column":4}}]},"2":{"line":38,"type":"if","locations":[{"start":{"line":38,"column":4},"end":{"line":38,"column":4}},{"start":{"line":38,"column":4},"end":{"line":38,"column":4}}]},"3":{"line":53,"type":"if","locations":[{"start":{"line":53,"column":4},"end":{"line":53,"column":4}},{"start":{"line":53,"column":4},"end":{"line":53,"column":4}}]},"4":{"line":57,"type":"if","locations":[{"start":{"line":57,"column":4},"end":{"line":57,"column":4}},{"start":{"line":57,"column":4},"end":{"line":57,"column":4}}]},"5":{"line":70,"type":"if","locations":[{"start":{"line":70,"column":4},"end":{"line":70,"column":4}},{"start":{"line":70,"column":4},"end":{"line":70,"column":4}}]},"6":{"line":77,"type":"if","locations":[{"start":{"line":77,"column":0},"end":{"line":77,"column":0}},{"start":{"line":77,"column":0},"end":{"line":77,"column":0}}]}},"code":["//#!/usr/bin/env node","","'use strict';","","/**"," * This script attempts to find:"," *"," * - a locally installed or linked PhantomJS"," * - a PhantomJS in the PATH"," *"," * if neither of those are found, it will install PhantomJS locally."," */","","function log(msg) {","  var args = Array.prototype.slice(arguments, 1);","  args.unshift('=> ' + msg);","  console.log.apply(console, args);","}","","function installPhantom(callback) {","  var exec = require('child_process').exec;","","  log('Attempting to install PhantomJS locally');","  var install = exec('npm install phantomjs', function (err) {","    if (err) {","      return callback('Failed to install PhantomJS.  Do it manually');","    }","    log('Successfully installed PhantomJS.  To link it globally, '","      + 'execute:\\n\\tcd node_modules/phantomjs && npm link');","    callback();","  });","  install.stdout.pipe(process.stdout);","  install.stderr.pipe(process.stderr);","}","","function whichPhantom(callback) {","  require('which')('phantomjs', function (err) {","    if (err) {","      log('PhantomJS not present in PATH');","      return installPhantom(callback);","    }","    log('PhantomJS found in PATH');","    callback();","  });","}","","function lstatPhantom(callback) {","  var localPhantomPath = require('path').join(__dirname,","      '..',","      'node_modules',","      'phantomjs');","  require('fs').lstat(localPhantomPath, function (err, stats) {","    if (err) {","      log('PhantomJS not present locally; checking PATH');","      return whichPhantom(callback);","    }","    if (!stats.isSymbolicLink()) {","      log('PhantomJS present as local package');","    } else {","      log('PhantomJS already linked');","    }","    callback();","  });","}","","function main() {","  log('Finding PhantomJS');","","  lstatPhantom(function (err) {","    if (err) {","      return log('Mochify installed with warning(s): ' + err);","    }","    log('Mochify install complete!');","  });","}","","if (require.main === module) {","  main();","}","",""],"l":{"14":1,"15":0,"16":0,"17":0,"20":1,"21":0,"23":0,"24":0,"25":0,"26":0,"28":0,"30":0,"32":0,"33":0,"36":1,"37":0,"38":0,"39":0,"40":0,"42":0,"43":0,"47":1,"48":0,"52":0,"53":0,"54":0,"55":0,"57":0,"58":0,"60":0,"62":0,"66":1,"67":0,"69":0,"70":0,"71":0,"73":0,"77":1,"78":0}}}